15.07.2020 02:21:16 sql=[SELECT * from sanphamnam when id > 0] 
15.07.2020 02:21:16 Khong the select duoc,ERROR=[You have an error in your SQL syntax; check the manual that corresponds to your MariaDB server version for the right syntax to use near 'when id > 0' at line 1] 
15.07.2020 02:21:16 COUNT=[0] 
15.07.2020 02:21:36 sql=[SELECT * from sanphamnam when id > 0] 
15.07.2020 02:21:36 Khong the select duoc,ERROR=[You have an error in your SQL syntax; check the manual that corresponds to your MariaDB server version for the right syntax to use near 'when id > 0' at line 1] 
15.07.2020 02:21:36 COUNT=[0] 
15.07.2020 02:23:01 sql=[SELECT * from sanphamnam] 
15.07.2020 02:23:47 sql=[SELECT * from sanphamnam when Idsanpham > 0] 
15.07.2020 02:23:47 Khong the select duoc,ERROR=[You have an error in your SQL syntax; check the manual that corresponds to your MariaDB server version for the right syntax to use near 'when Idsanpham > 0' at line 1] 
15.07.2020 02:23:47 COUNT=[0] 
15.07.2020 02:23:48 sql=[SELECT * from sanphamnam when Idsanpham > 0] 
15.07.2020 02:23:48 Khong the select duoc,ERROR=[You have an error in your SQL syntax; check the manual that corresponds to your MariaDB server version for the right syntax to use near 'when Idsanpham > 0' at line 1] 
15.07.2020 02:23:48 COUNT=[0] 
15.07.2020 02:24:12 sql=[SELECT * from sanphamnam when Idsanphamnam > 0] 
15.07.2020 02:24:12 Khong the select duoc,ERROR=[You have an error in your SQL syntax; check the manual that corresponds to your MariaDB server version for the right syntax to use near 'when Idsanphamnam > 0' at line 1] 
15.07.2020 02:24:12 COUNT=[0] 
15.07.2020 02:24:13 sql=[SELECT * from sanphamnam when Idsanphamnam > 0] 
15.07.2020 02:24:13 Khong the select duoc,ERROR=[You have an error in your SQL syntax; check the manual that corresponds to your MariaDB server version for the right syntax to use near 'when Idsanphamnam > 0' at line 1] 
15.07.2020 02:24:13 COUNT=[0] 
15.07.2020 02:24:40 sql=[SELECT * from sanphamnam] 
15.07.2020 02:26:44 sql=[SELECT * from sanphamnam] 
15.07.2020 02:26:58 sql=[SELECT * from sanphamnam] 
15.07.2020 02:27:32 sql=[SELECT * from sanphamnam] 
15.07.2020 02:28:34 sql=[SELECT * from sanphamnam] 
15.07.2020 02:28:51 sql=[SELECT * from sanphamnam] 
15.07.2020 02:30:14 sql=[SELECT * from sanphamnam] 
15.07.2020 02:30:24 sql=[SELECT * from sanphamnam] 
15.07.2020 02:30:36 sql=[SELECT * from sanphamnam] 
15.07.2020 02:38:23 sql=[SELECT * from sanphamnam] 
15.07.2020 02:39:13 sql=[SELECT * from sanphamnam] 
15.07.2020 02:39:29 sql=[SELECT * from sanphamnam] 
15.07.2020 02:40:00 sql=[SELECT * from sanphamnam] 
15.07.2020 02:47:50 sql=[SELECT * from sanphamnam] 
15.07.2020 02:47:56 sql=[SELECT * from sanphamnam] 
15.07.2020 02:50:40 sql=[SELECT * from sanphamnam] 
15.07.2020 02:52:24 sql=[SELECT * from sanphamnam] 
15.07.2020 03:01:26 sql=[SELECT * from sanphamnam] 
15.07.2020 03:05:06 sql=[SELECT * from sanphamnam] 
15.07.2020 03:05:24 sql=[SELECT * from sanphamnam] 
15.07.2020 03:05:51 sql=[SELECT * from sanphamnam] 
15.07.2020 03:06:16 sql=[SELECT * from sanphamnam] 
15.07.2020 03:07:19 sql=[SELECT * from sanphamnam] 
15.07.2020 03:07:39 sql=[SELECT * from sanphamnam] 
15.07.2020 03:07:44 sql=[SELECT * from sanphamnam] 
15.07.2020 03:08:03 sql=[SELECT * from sanphamnam] 
15.07.2020 03:08:36 sql=[SELECT * from sanphamnam] 
15.07.2020 03:08:53 sql=[SELECT * from sanphamnam] 
15.07.2020 03:09:06 sql=[SELECT * from sanphamnam] 
15.07.2020 03:09:15 sql=[SELECT * from sanphamnam] 
15.07.2020 03:09:31 sql=[SELECT * from sanphamnam] 
15.07.2020 03:10:08 sql=[SELECT * from sanphamnam] 
15.07.2020 03:10:33 sql=[SELECT * from sanphamnam] 
15.07.2020 03:11:51 sql=[SELECT * from sanphamnam] 
15.07.2020 03:12:18 sql=[SELECT * from sanphamnam] 
15.07.2020 03:12:40 sql=[SELECT * from sanphamnam] 
15.07.2020 03:15:12 sql=[SELECT * from sanphamnam] 
15.07.2020 03:15:31 sql=[SELECT * from sanphamnam] 
15.07.2020 03:31:45 sql=[SELECT * from sanphamnam] 
15.07.2020 03:32:51 sql=[SELECT * from sanphamnam] 
15.07.2020 04:50:26 sql=[SELECT * from sanphamkids] 
15.07.2020 04:59:00 sql=[SELECT * from sanphamkids] 
15.07.2020 05:13:22 sql=[SELECT * from sanphamkids] 
15.07.2020 05:13:29 sql=[SELECT * from sanphamnam] 
15.07.2020 05:13:38 sql=[SELECT * from sanphamnam] 
15.07.2020 05:13:50 sql=[SELECT * from sanphamnam] 
15.07.2020 05:14:18 sql=[SELECT * from sanphamnam] 
15.07.2020 05:28:14 sql=[SELECT * from sanphamnam] 
15.07.2020 05:32:20 sql=[SELECT * from sanphamkids] 
15.07.2020 05:32:27 sql=[SELECT * from sanphamkids] 
15.07.2020 05:33:19 sql=[SELECT * from sanphamkids] 
15.07.2020 05:56:20 sql=[SELECT * from sanphamnam] 
15.07.2020 05:56:31 sql=[SELECT * from sanphamnam] 
15.07.2020 05:56:52 sql=[SELECT * from sanphamkids] 
15.07.2020 05:57:16 sql=[SELECT * from sanphamnam] 
15.07.2020 05:59:27 sql=[SELECT * from sanphamnam] 
15.07.2020 06:05:03 sql=[SELECT * from sanphamnam] 
15.07.2020 06:27:58 sql=[SELECT * from sanphamnam] 
15.07.2020 06:32:06 sql=[SELECT * from sanphamkids] 
15.07.2020 06:32:18 sql=[SELECT * from sanphamkids] 
15.07.2020 06:32:29 sql=[SELECT * from sanphamkids] 
15.07.2020 06:35:18 sql=[SELECT * from sanphamkids] 
17.07.2020 10:17:55 sql=[SELECT * From sanphamnam where Idsanphamnam > 0 
ORDER BY Idsanphamnam desc limit 3] 
17.07.2020 10:18:39 sql=[SELECT * From sanphamnam where Idsanphamnam > 0 
ORDER BY Idsanphamnam desc] 
17.07.2020 10:18:44 sql=[SELECT * From sanphamnam where Idsanphamnam > 0 
ORDER BY Idsanphamnam desc limit 3] 
17.07.2020 10:20:33 sql=[SELECT * From sanphamnam where Idsanphamnam > 0 
ORDER BY Idsanphamnam desc limit 3] 
17.07.2020 10:20:33 sql=[SELECT * FROM sanphamkids where Idsanphamkids > 0
ORDER BY Idsanphamkid desc limit 3] 
17.07.2020 10:20:33 Khong the select duoc,ERROR=[Unknown column 'Idsanphamkids' in 'where clause'] 
17.07.2020 10:20:33 COUNT=[0] 
17.07.2020 10:21:23 sql=[SELECT * From sanphamnam where Idsanphamnam > 0 
ORDER BY Idsanphamnam desc limit 3] 
17.07.2020 10:21:23 sql=[SELECT * FROM sanphamkids where Idsanphamkids > 0
ORDER BY Idsanphamkid desc limit 3] 
17.07.2020 10:21:23 Khong the select duoc,ERROR=[Unknown column 'Idsanphamkids' in 'where clause'] 
17.07.2020 10:21:23 COUNT=[0] 
17.07.2020 10:21:48 sql=[SELECT * From sanphamnam where Idsanphamnam > 0 
ORDER BY Idsanphamnam desc limit 3] 
17.07.2020 10:21:48 sql=[SELECT * FROM sanphamkids where Idsanphamkids > 0
ORDER BY Idsanphamkid desc limit 3] 
17.07.2020 10:21:48 Khong the select duoc,ERROR=[Unknown column 'Idsanphamkids' in 'where clause'] 
17.07.2020 10:21:48 COUNT=[0] 
17.07.2020 10:22:03 sql=[SELECT * From sanphamnam where Idsanphamnam > 0 
ORDER BY Idsanphamnam desc limit 3] 
17.07.2020 10:22:03 sql=[SELECT * FROM sanphamkids where Idsanphamkids > 0
ORDER BY Idsanphamkid desc limit 3] 
17.07.2020 10:22:03 Khong the select duoc,ERROR=[Unknown column 'Idsanphamkids' in 'where clause'] 
17.07.2020 10:22:03 COUNT=[0] 
17.07.2020 10:22:19 sql=[SELECT * From sanphamnam where Idsanphamnam > 0 
ORDER BY Idsanphamnam desc limit 3] 
17.07.2020 10:22:19 sql=[SELECT * FROM sanphamkids where Idsanphamkids > 0
ORDER BY Idsanphamkid desc limit 3] 
17.07.2020 10:22:19 Khong the select duoc,ERROR=[Unknown column 'Idsanphamkids' in 'where clause'] 
17.07.2020 10:22:19 COUNT=[0] 
17.07.2020 10:24:46 sql=[SELECT * From sanphamnam where Idsanphamnam > 0 
ORDER BY Idsanphamnam desc limit 3] 
17.07.2020 10:24:46 sql=[SELECT * FROM sanphamkids where Idsanphamkids > 0
ORDER BY Idsanphamkid desc limit 3] 
17.07.2020 10:24:46 Khong the select duoc,ERROR=[Unknown column 'Idsanphamkids' in 'where clause'] 
17.07.2020 10:24:46 COUNT=[0] 
17.07.2020 10:25:13 sql=[SELECT * From sanphamnam where Idsanphamnam > 0 
ORDER BY Idsanphamnam desc limit 3] 
17.07.2020 10:25:13 sql=[SELECT * FROM sanphamkids where Idsanphamkids > 0
ORDER BY Idsanphamkid desc limit 3] 
17.07.2020 10:25:13 Khong the select duoc,ERROR=[Unknown column 'Idsanphamkids' in 'where clause'] 
17.07.2020 10:25:13 COUNT=[0] 
17.07.2020 10:25:34 sql=[SELECT * From sanphamnam where Idsanphamnam > 0 
ORDER BY Idsanphamnam desc limit 3] 
17.07.2020 10:25:34 sql=[SELECT * FROM sanphamkids where Idsanphamkids > 0
ORDER BY Idsanphamkid desc limit 3] 
17.07.2020 10:25:34 Khong the select duoc,ERROR=[Unknown column 'Idsanphamkids' in 'where clause'] 
17.07.2020 10:25:34 COUNT=[0] 
17.07.2020 10:25:38 sql=[SELECT * From sanphamnam where Idsanphamnam > 0 
ORDER BY Idsanphamnam desc limit 3] 
17.07.2020 10:25:38 sql=[SELECT * FROM sanphamkids where Idsanphamkids > 0
ORDER BY Idsanphamkid desc limit 3] 
17.07.2020 10:25:38 Khong the select duoc,ERROR=[Unknown column 'Idsanphamkids' in 'where clause'] 
17.07.2020 10:25:38 COUNT=[0] 
17.07.2020 10:27:24 sql=[SELECT * From sanphamnam where Idsanphamnam > 0 
ORDER BY Idsanphamnam desc limit 3] 
17.07.2020 10:27:24 sql=[SELECT * FROM sanphamkids where Idsanphamkids > 0
ORDER BY Idsanphamkid desc limit 3] 
17.07.2020 10:27:24 Khong the select duoc,ERROR=[Unknown column 'Idsanphamkids' in 'where clause'] 
17.07.2020 10:27:24 COUNT=[0] 
17.07.2020 10:28:50 sql=[SELECT * From sanphamnam where Idsanphamnam > 0 
ORDER BY Idsanphamnam desc limit 3] 
17.07.2020 10:28:50 sql=[SELECT * FROM sanphamkids where Idsanphamkids > 0
ORDER BY Idsanphamkid desc limit 3] 
17.07.2020 10:28:50 Khong the select duoc,ERROR=[Unknown column 'Idsanphamkids' in 'where clause'] 
17.07.2020 10:28:50 COUNT=[0] 
17.07.2020 10:28:53 sql=[SELECT * From sanphamnam where Idsanphamnam > 0 
ORDER BY Idsanphamnam desc limit 3] 
17.07.2020 10:28:53 sql=[SELECT * FROM sanphamkids where Idsanphamkids > 0
ORDER BY Idsanphamkid desc limit 3] 
17.07.2020 10:28:53 Khong the select duoc,ERROR=[Unknown column 'Idsanphamkids' in 'where clause'] 
17.07.2020 10:28:53 COUNT=[0] 
17.07.2020 10:34:48 sql=[SELECT * From sanphamnam where Idsanphamnam > 0 
ORDER BY Idsanphamnam desc limit 3] 
17.07.2020 10:34:48 sql=[SELECT * FROM sanphamkids where Idsanphamkids > 0
ORDER BY Idsanphamkid desc limit 3] 
17.07.2020 10:34:48 Khong the select duoc,ERROR=[Unknown column 'Idsanphamkids' in 'where clause'] 
17.07.2020 10:34:48 COUNT=[0] 
17.07.2020 10:34:49 sql=[SELECT * FROM sanphamnam where sale = ok] 
17.07.2020 10:34:49 Khong the select duoc,ERROR=[Unknown column 'ok' in 'where clause'] 
17.07.2020 10:34:49 COUNT=[0] 
17.07.2020 10:35:21 sql=[SELECT * FROM sanphamnam where sale = 'ok'] 
17.07.2020 10:37:03 sql=[SELECT * FROM sanphamnam where sale = 'ok'] 
17.07.2020 10:38:59 sql=[SELECT * FROM sanphamnam where sale = 'ok'] 
17.07.2020 10:39:12 sql=[SELECT * from sanphamnam] 
17.07.2020 10:39:19 sql=[SELECT * from sanphamnam] 
17.07.2020 10:39:34 sql=[SELECT * from sanphamnam] 
17.07.2020 10:40:23 sql=[SELECT * FROM sanphamnam where sale = 'ok'] 
17.07.2020 10:42:02 sql=[SELECT * FROM sanphamnam where sale = 'ok'] 
17.07.2020 10:44:45 sql=[SELECT * FROM sanphamnam where sale = 'ok'] 
17.07.2020 10:45:15 sql=[SELECT * FROM sanphamnam where sale = 'ok'] 
17.07.2020 10:45:43 sql=[SELECT * FROM sanphamnam where sale = 'ok'] 
17.07.2020 10:48:33 sql=[SELECT * FROM sanphamnam where sale = 'ok'] 
17.07.2020 10:53:38 sql=[SELECT * From sanphamnam where Idsanphamnam > 0 
ORDER BY Idsanphamnam desc limit 3] 
17.07.2020 10:53:38 sql=[SELECT * FROM sanphamkids where Idsanphamkids > 0
ORDER BY Idsanphamkid desc limit 3] 
17.07.2020 10:53:38 Khong the select duoc,ERROR=[Unknown column 'Idsanphamkids' in 'where clause'] 
17.07.2020 10:53:38 COUNT=[0] 
17.07.2020 10:53:40 sql=[SELECT * FROM sanphamnam where sale = 'ok'] 
17.07.2020 11:34:20 sql=[SELECT * From sanphamnam where Idsanphamnam > 0 
ORDER BY Idsanphamnam desc limit 3] 
17.07.2020 11:34:20 sql=[SELECT * FROM sanphamkids where Idsanphamkids > 0
ORDER BY Idsanphamkid desc limit 3] 
17.07.2020 11:34:20 Khong the select duoc,ERROR=[Unknown column 'Idsanphamkids' in 'where clause'] 
17.07.2020 11:34:20 COUNT=[0] 
17.07.2020 05:14:28 sql=[SELECT * From sanphamnam where Idsanphamnam > 0 
ORDER BY Idsanphamnam desc limit 3] 
17.07.2020 05:14:28 sql=[SELECT * FROM sanphamkids where Idsanphamkids > 0
ORDER BY Idsanphamkid desc limit 3] 
17.07.2020 05:14:28 Khong the select duoc,ERROR=[Unknown column 'Idsanphamkids' in 'where clause'] 
17.07.2020 05:14:28 COUNT=[0] 
17.07.2020 06:17:07 sql=[SELECT * From sanphamnam where Idsanphamnam > 0 
ORDER BY Idsanphamnam desc limit 3] 
17.07.2020 06:17:07 sql=[SELECT * FROM sanphamkids where Idsanphamkids > 0
ORDER BY Idsanphamkid desc limit 3] 
17.07.2020 06:17:07 Khong the select duoc,ERROR=[Unknown column 'Idsanphamkids' in 'where clause'] 
17.07.2020 06:17:07 COUNT=[0] 
17.07.2020 06:17:09 sql=[SELECT * FROM sanphamnam where sale = 'ok'] 
17.07.2020 06:19:51 sql=[SELECT * From sanphamnam where Idsanphamnam > 0 
ORDER BY Idsanphamnam desc limit 3] 
17.07.2020 06:19:51 sql=[SELECT * FROM sanphamkids where Idsanphamkids > 0
ORDER BY Idsanphamkid desc limit 3] 
17.07.2020 06:19:51 Khong the select duoc,ERROR=[Unknown column 'Idsanphamkids' in 'where clause'] 
17.07.2020 06:19:51 COUNT=[0] 
17.07.2020 06:19:53 sql=[SELECT * From sanphamnam where Idsanphamnam > 0 
ORDER BY Idsanphamnam desc limit 3] 
17.07.2020 06:19:53 sql=[SELECT * FROM sanphamkids where Idsanphamkids > 0
ORDER BY Idsanphamkid desc limit 3] 
17.07.2020 06:19:53 Khong the select duoc,ERROR=[Unknown column 'Idsanphamkids' in 'where clause'] 
17.07.2020 06:19:53 COUNT=[0] 
17.07.2020 06:19:55 sql=[SELECT * FROM sanphamnam where sale = 'ok'] 
17.07.2020 06:20:17 sql=[SELECT * FROM sanphamnam where sale = 'ok'] 
17.07.2020 06:20:19 sql=[SELECT * FROM sanphamnam where sale = 'ok'] 
17.07.2020 07:21:35 sql=[SELECT * FROM sanphamnam where Idsanphamnam = '1'] 
17.07.2020 07:22:02 sql=[SELECT * FROM sanphamnam where Idsanphamnam = '1'] 
17.07.2020 07:25:01 sql=[SELECT * From sanphamnam where Idsanphamnam > 0 
ORDER BY Idsanphamnam desc limit 3] 
17.07.2020 07:25:01 sql=[SELECT * FROM sanphamkids where Idsanphamkids > 0
ORDER BY Idsanphamkid desc limit 3] 
17.07.2020 07:25:01 Khong the select duoc,ERROR=[Unknown column 'Idsanphamkids' in 'where clause'] 
17.07.2020 07:25:01 COUNT=[0] 
17.07.2020 07:25:30 sql=[SELECT * From sanphamnam where Idsanphamnam > 0 
ORDER BY Idsanphamnam desc limit 3] 
17.07.2020 07:25:30 sql=[SELECT * FROM sanphamkids where Idsanphamkids > 0
ORDER BY Idsanphamkid desc limit 3] 
17.07.2020 07:25:30 Khong the select duoc,ERROR=[Unknown column 'Idsanphamkids' in 'where clause'] 
17.07.2020 07:25:30 COUNT=[0] 
17.07.2020 07:27:17 sql=[SELECT * From sanphamnam where Idsanphamnam > 0 
ORDER BY Idsanphamnam desc limit 3] 
17.07.2020 07:27:17 sql=[SELECT * FROM sanphamkids where Idsanphamkids > 0
ORDER BY Idsanphamkid desc limit 3] 
17.07.2020 07:27:17 Khong the select duoc,ERROR=[Unknown column 'Idsanphamkids' in 'where clause'] 
17.07.2020 07:27:17 COUNT=[0] 
17.07.2020 07:30:04 sql=[SELECT * From sanphamnam where Idsanphamnam > 0 
ORDER BY Idsanphamnam desc limit 3] 
17.07.2020 07:30:04 sql=[SELECT * FROM sanphamkids where Idsanphamkids > 0
ORDER BY Idsanphamkid desc limit 3] 
17.07.2020 07:30:04 Khong the select duoc,ERROR=[Unknown column 'Idsanphamkids' in 'where clause'] 
17.07.2020 07:30:04 COUNT=[0] 
17.07.2020 07:32:15 sql=[SELECT * From sanphamnam where Idsanphamnam > 0 
ORDER BY Idsanphamnam desc limit 3] 
17.07.2020 07:32:15 sql=[SELECT * FROM sanphamkids where Idsanphamkids > 0
ORDER BY Idsanphamkid desc limit 3] 
17.07.2020 07:32:15 Khong the select duoc,ERROR=[Unknown column 'Idsanphamkids' in 'where clause'] 
17.07.2020 07:32:15 COUNT=[0] 
17.07.2020 07:33:11 sql=[SELECT * From sanphamnam where Idsanphamnam > 0 
ORDER BY Idsanphamnam desc limit 3] 
17.07.2020 07:33:11 sql=[SELECT * FROM sanphamkids where Idsanphamkids > 0
ORDER BY Idsanphamkid desc limit 3] 
17.07.2020 07:33:11 Khong the select duoc,ERROR=[Unknown column 'Idsanphamkids' in 'where clause'] 
17.07.2020 07:33:11 COUNT=[0] 
17.07.2020 07:33:51 sql=[SELECT * From sanphamnam where Idsanphamnam > 0 
ORDER BY Idsanphamnam desc limit 3] 
17.07.2020 07:33:51 sql=[SELECT * FROM sanphamkids where Idsanphamkids > 0
ORDER BY Idsanphamkid desc limit 3] 
17.07.2020 07:33:51 Khong the select duoc,ERROR=[Unknown column 'Idsanphamkids' in 'where clause'] 
17.07.2020 07:33:51 COUNT=[0] 
17.07.2020 07:33:51 sql=[SELECT * FROM sanphamnam where Idsanphamnam = '1'] 
17.07.2020 07:35:13 sql=[SELECT * FROM sanphamnam where Idsanphamnam = '1'] 
17.07.2020 07:35:15 sql=[SELECT * FROM sanphamnam where Idsanphamnam = '1'] 
17.07.2020 07:36:17 sql=[SELECT * From sanphamnam where Idsanphamnam > 0 
ORDER BY Idsanphamnam desc limit 3] 
17.07.2020 07:36:17 sql=[SELECT * FROM sanphamkids where Idsanphamkids > 0
ORDER BY Idsanphamkid desc limit 3] 
17.07.2020 07:36:17 Khong the select duoc,ERROR=[Unknown column 'Idsanphamkids' in 'where clause'] 
17.07.2020 07:36:17 COUNT=[0] 
17.07.2020 07:39:32 sql=[SELECT * From sanphamnam where Idsanphamnam > 0 
ORDER BY Idsanphamnam desc limit 3] 
17.07.2020 07:39:32 sql=[SELECT * FROM sanphamkids where Idsanphamkids > 0
ORDER BY Idsanphamkid desc limit 3] 
17.07.2020 07:39:32 Khong the select duoc,ERROR=[Unknown column 'Idsanphamkids' in 'where clause'] 
17.07.2020 07:39:32 COUNT=[0] 
17.07.2020 07:40:52 sql=[SELECT * From sanphamnam where Idsanphamnam > 0 
ORDER BY Idsanphamnam desc limit 3] 
17.07.2020 07:40:52 sql=[SELECT * FROM sanphamkids where Idsanphamkids > 0
ORDER BY Idsanphamkid desc limit 3] 
17.07.2020 07:40:52 Khong the select duoc,ERROR=[Unknown column 'Idsanphamkids' in 'where clause'] 
17.07.2020 07:40:52 COUNT=[0] 
17.07.2020 07:40:55 sql=[SELECT * FROM sanphamnam where Idsanphamnam = '{$sanphamnewnamtab['] 
17.07.2020 07:40:59 sql=[SELECT * FROM sanphamnam where Idsanphamnam = '{$sanphamnewnam['] 
17.07.2020 07:41:02 sql=[SELECT * FROM sanphamnam where Idsanphamnam = '{$sanphamnewnam['] 
17.07.2020 07:41:54 sql=[SELECT * From sanphamnam where Idsanphamnam > 0 
ORDER BY Idsanphamnam desc limit 3] 
17.07.2020 07:41:54 sql=[SELECT * FROM sanphamkids where Idsanphamkids > 0
ORDER BY Idsanphamkid desc limit 3] 
17.07.2020 07:41:54 Khong the select duoc,ERROR=[Unknown column 'Idsanphamkids' in 'where clause'] 
17.07.2020 07:41:54 COUNT=[0] 
17.07.2020 07:42:01 sql=[SELECT * FROM sanphamnam where Idsanphamnam = '$sanphamnewnamtab['] 
17.07.2020 07:42:05 sql=[SELECT * FROM sanphamnam where Idsanphamnam = '1'] 
17.07.2020 07:42:42 sql=[SELECT * FROM sanphamnam where Idsanphamnam = '1'] 
17.07.2020 07:42:45 sql=[SELECT * FROM sanphamnam where Idsanphamnam = '$sanphamnewnamtab['] 
17.07.2020 07:42:46 sql=[SELECT * FROM sanphamnam where Idsanphamnam = '$sanphamnewnamtab['] 
17.07.2020 07:42:46 sql=[SELECT * FROM sanphamnam where Idsanphamnam = '$sanphamnewnamtab['] 
17.07.2020 07:42:51 sql=[SELECT * FROM sanphamnam where Idsanphamnam = '{$sanphamnewnam['] 
17.07.2020 07:43:25 sql=[SELECT * FROM sanphamnam where Idsanphamnam = '{$sanphamnewnam['] 
17.07.2020 07:43:34 sql=[SELECT * From sanphamnam where Idsanphamnam > 0 
ORDER BY Idsanphamnam desc limit 3] 
17.07.2020 07:43:34 sql=[SELECT * FROM sanphamkids where Idsanphamkids > 0
ORDER BY Idsanphamkid desc limit 3] 
17.07.2020 07:43:34 Khong the select duoc,ERROR=[Unknown column 'Idsanphamkids' in 'where clause'] 
17.07.2020 07:43:34 COUNT=[0] 
17.07.2020 07:43:38 sql=[SELECT * FROM sanphamnam where Idsanphamnam = '{$sanphamnewnam['] 
17.07.2020 07:43:42 sql=[SELECT * FROM sanphamnam where Idsanphamnam = '{$sanphamnewnam['] 
17.07.2020 07:43:44 sql=[SELECT * From sanphamnam where Idsanphamnam > 0 
ORDER BY Idsanphamnam desc limit 3] 
17.07.2020 07:43:44 sql=[SELECT * FROM sanphamkids where Idsanphamkids > 0
ORDER BY Idsanphamkid desc limit 3] 
17.07.2020 07:43:44 Khong the select duoc,ERROR=[Unknown column 'Idsanphamkids' in 'where clause'] 
17.07.2020 07:43:44 COUNT=[0] 
17.07.2020 07:49:23 sql=[SELECT * From sanphamnam where Idsanphamnam > 0 
ORDER BY Idsanphamnam desc limit 3] 
17.07.2020 07:49:23 sql=[SELECT * FROM sanphamkids where Idsanphamkids > 0
ORDER BY Idsanphamkid desc limit 3] 
17.07.2020 07:49:23 Khong the select duoc,ERROR=[Unknown column 'Idsanphamkids' in 'where clause'] 
17.07.2020 07:49:23 COUNT=[0] 
17.07.2020 07:49:25 sql=[SELECT * FROM sanphamnam where Idsanphamnam = '{$sanphamnewnam['] 
17.07.2020 07:53:29 sql=[SELECT * FROM sanphamnam where Idsanphamnam = '{$sanphamnewnam['] 
17.07.2020 07:53:32 sql=[SELECT * From sanphamnam where Idsanphamnam > 0 
ORDER BY Idsanphamnam desc limit 3] 
17.07.2020 07:53:32 sql=[SELECT * FROM sanphamkids where Idsanphamkids > 0
ORDER BY Idsanphamkid desc limit 3] 
17.07.2020 07:53:32 Khong the select duoc,ERROR=[Unknown column 'Idsanphamkids' in 'where clause'] 
17.07.2020 07:53:32 COUNT=[0] 
17.07.2020 07:53:35 sql=[SELECT * FROM sanphamnam where Idsanphamnam = ''] 
17.07.2020 07:54:43 sql=[SELECT * From sanphamnam where Idsanphamnam > 0 
ORDER BY Idsanphamnam desc limit 3] 
17.07.2020 07:54:43 sql=[SELECT * FROM sanphamkids where Idsanphamkids > 0
ORDER BY Idsanphamkid desc limit 3] 
17.07.2020 07:54:43 Khong the select duoc,ERROR=[Unknown column 'Idsanphamkids' in 'where clause'] 
17.07.2020 07:54:43 COUNT=[0] 
17.07.2020 07:54:44 sql=[SELECT * FROM sanphamnam where Idsanphamnam = '{$sanphamnewnam['] 
17.07.2020 07:54:49 sql=[SELECT * FROM sanphamnam where Idsanphamnam = '1'] 
17.07.2020 07:58:20 sql=[SELECT * FROM sanphamnam where Idsanphamnam = '{$sanphamnewnam['] 
17.07.2020 07:58:21 sql=[SELECT * FROM sanphamnam where Idsanphamnam = '{$sanphamnewnam['] 
17.07.2020 07:58:23 sql=[SELECT * FROM sanphamnam where Idsanphamnam = '{$sanphamnewnam['] 
17.07.2020 07:59:27 sql=[SELECT * FROM sanphamnam where Idsanphamnam = '{$sanphamnewnam['] 
17.07.2020 07:59:28 sql=[SELECT * FROM sanphamnam where Idsanphamnam = '{$sanphamnewnam['] 
17.07.2020 07:59:30 sql=[SELECT * From sanphamnam where Idsanphamnam > 0 
ORDER BY Idsanphamnam desc limit 3] 
17.07.2020 07:59:30 sql=[SELECT * FROM sanphamkids where Idsanphamkids > 0
ORDER BY Idsanphamkid desc limit 3] 
17.07.2020 07:59:30 Khong the select duoc,ERROR=[Unknown column 'Idsanphamkids' in 'where clause'] 
17.07.2020 07:59:30 COUNT=[0] 
17.07.2020 07:59:31 sql=[SELECT * FROM sanphamnam where Idsanphamnam = '6'] 
17.07.2020 07:59:37 sql=[SELECT * From sanphamnam where Idsanphamnam > 0 
ORDER BY Idsanphamnam desc limit 3] 
17.07.2020 07:59:37 sql=[SELECT * FROM sanphamkids where Idsanphamkids > 0
ORDER BY Idsanphamkid desc limit 3] 
17.07.2020 07:59:37 Khong the select duoc,ERROR=[Unknown column 'Idsanphamkids' in 'where clause'] 
17.07.2020 07:59:37 COUNT=[0] 
17.07.2020 07:59:38 sql=[SELECT * FROM sanphamnam where Idsanphamnam = '5'] 
17.07.2020 07:59:41 sql=[SELECT * FROM sanphamnam where Idsanphamnam = '4'] 
17.07.2020 08:00:29 sql=[SELECT * From sanphamnam where Idsanphamnam > 0 
ORDER BY Idsanphamnam desc limit 3] 
17.07.2020 08:00:29 sql=[SELECT * FROM sanphamkids where Idsanphamkids > 0
ORDER BY Idsanphamkid desc limit 3] 
17.07.2020 08:00:29 Khong the select duoc,ERROR=[Unknown column 'Idsanphamkids' in 'where clause'] 
17.07.2020 08:00:29 COUNT=[0] 
17.07.2020 08:00:31 sql=[SELECT * FROM sanphamnam where Idsanphamnam = '6'] 
17.07.2020 08:01:34 sql=[SELECT * From sanphamnam where Idsanphamnam > 0 
ORDER BY Idsanphamnam desc limit 3] 
17.07.2020 08:01:34 sql=[SELECT * FROM sanphamkids where Idsanphamkids > 0
ORDER BY Idsanphamkid desc limit 3] 
17.07.2020 08:01:34 Khong the select duoc,ERROR=[Unknown column 'Idsanphamkids' in 'where clause'] 
17.07.2020 08:01:34 COUNT=[0] 
17.07.2020 08:01:42 sql=[SELECT * FROM sanphamnam where Idsanphamnam = '4'] 
17.07.2020 08:02:29 sql=[SELECT * From sanphamnam where Idsanphamnam > 0 
ORDER BY Idsanphamnam desc limit 3] 
17.07.2020 08:02:29 sql=[SELECT * FROM sanphamkids where Idsanphamkids > 0
ORDER BY Idsanphamkid desc limit 3] 
17.07.2020 08:02:29 Khong the select duoc,ERROR=[Unknown column 'Idsanphamkids' in 'where clause'] 
17.07.2020 08:02:29 COUNT=[0] 
17.07.2020 08:02:32 sql=[SELECT * FROM sanphamnam where Idsanphamnam = '6'] 
17.07.2020 08:03:09 sql=[SELECT * FROM sanphamnam where Idsanphamnam = '6'] 
17.07.2020 08:03:12 sql=[SELECT * FROM sanphamnam where Idsanphamnam = '6'] 
17.07.2020 08:04:41 sql=[SELECT * FROM sanphamnam where Idsanphamnam = '6'] 
17.07.2020 08:04:59 sql=[SELECT * FROM sanphamnam where Idsanphamnam = '6'] 
17.07.2020 08:06:02 sql=[SELECT * FROM sanphamnam where Idsanphamnam = '6'] 
17.07.2020 08:06:27 sql=[SELECT * FROM sanphamnam where Idsanphamnam = '6'] 
17.07.2020 08:06:42 sql=[SELECT * FROM sanphamnam where Idsanphamnam = '6'] 
17.07.2020 08:06:51 sql=[SELECT * FROM sanphamnam where Idsanphamnam = '6'] 
17.07.2020 08:07:05 sql=[SELECT * FROM sanphamnam where Idsanphamnam = '6'] 
17.07.2020 08:07:49 sql=[SELECT * FROM sanphamnam where Idsanphamnam = '6'] 
17.07.2020 08:08:22 sql=[SELECT * FROM sanphamnam where Idsanphamnam = '6'] 
17.07.2020 08:08:31 sql=[SELECT * FROM sanphamnam where Idsanphamnam = '6'] 
17.07.2020 08:10:56 sql=[SELECT * FROM sanphamnam where Idsanphamnam = '6'] 
17.07.2020 08:11:17 sql=[SELECT * From sanphamnam where Idsanphamnam > 0 
ORDER BY Idsanphamnam desc limit 3] 
17.07.2020 08:11:17 sql=[SELECT * FROM sanphamkids where Idsanphamkids > 0
ORDER BY Idsanphamkid desc limit 3] 
17.07.2020 08:11:17 Khong the select duoc,ERROR=[Unknown column 'Idsanphamkids' in 'where clause'] 
17.07.2020 08:11:17 COUNT=[0] 
17.07.2020 08:11:18 sql=[SELECT * FROM sanphamnam where Idsanphamnam = '5'] 
17.07.2020 08:11:26 sql=[SELECT * FROM sanphamnam where Idsanphamnam = '4'] 
17.07.2020 08:13:18 sql=[SELECT * FROM sanphamnam where Idsanphamnam = '4'] 
17.07.2020 08:14:33 sql=[SELECT * From sanphamnam where Idsanphamnam > 0 
ORDER BY Idsanphamnam desc limit 3] 
17.07.2020 08:14:33 sql=[SELECT * FROM sanphamkids where Idsanphamkids > 0
ORDER BY Idsanphamkid desc limit 3] 
17.07.2020 08:14:33 Khong the select duoc,ERROR=[Unknown column 'Idsanphamkids' in 'where clause'] 
17.07.2020 08:14:33 COUNT=[0] 
17.07.2020 08:14:34 sql=[SELECT * FROM sanphamnam where Idsanphamnam = '4'] 
17.07.2020 08:19:16 sql=[SELECT * FROM sanphamnam where sale = 'ok'] 
17.07.2020 08:19:17 sql=[SELECT * FROM sanphamnam where Idsanphamnam = '3'] 
17.07.2020 08:31:26 sql=[SELECT * FROM sanphamnam where Idsanphamnam = '3'] 
17.07.2020 08:31:31 sql=[SELECT * From sanphamnam where Idsanphamnam > 0 
ORDER BY Idsanphamnam desc limit 3] 
17.07.2020 08:31:31 sql=[SELECT * FROM sanphamkids where Idsanphamkids > 0
ORDER BY Idsanphamkid desc limit 3] 
17.07.2020 08:31:31 Khong the select duoc,ERROR=[Unknown column 'Idsanphamkids' in 'where clause'] 
17.07.2020 08:31:31 COUNT=[0] 
17.07.2020 08:31:48 sql=[SELECT * from sanphamnam] 
17.07.2020 08:31:50 sql=[SELECT * FROM sanphamnam where Idsanphamnam = '1'] 
17.07.2020 08:32:01 sql=[SELECT * from sanphamnam] 
17.07.2020 08:36:09 sql=[SELECT * From sanphamnam where Idsanphamnam > 0 
ORDER BY Idsanphamnam desc limit 3] 
17.07.2020 08:36:09 sql=[SELECT * FROM sanphamkids where Idsanphamkids > 0
ORDER BY Idsanphamkid desc limit 3] 
17.07.2020 08:36:09 Khong the select duoc,ERROR=[Unknown column 'Idsanphamkids' in 'where clause'] 
17.07.2020 08:36:09 COUNT=[0] 
17.07.2020 08:36:11 sql=[SELECT * from sanphamkids] 
17.07.2020 08:36:13 sql=[SELECT * FROM sanphamkids where Idsanphamkid = '1'] 
17.07.2020 08:36:15 sql=[SELECT * FROM sanphamkids where Idsanphamkid = '4'] 
17.07.2020 08:37:07 sql=[SELECT * from sanphamkids] 
17.07.2020 08:37:14 sql=[SELECT * FROM sanphamkids where Idsanphamkid = '1'] 
17.07.2020 08:37:47 sql=[SELECT * from sanphamkids] 
17.07.2020 08:37:48 sql=[SELECT * FROM sanphamnam where sale = 'ok'] 
17.07.2020 08:37:50 sql=[SELECT * from sanphamkids] 
17.07.2020 08:39:13 sql=[SELECT * from sanphamnam] 
17.07.2020 08:39:16 sql=[SELECT * FROM sanphamnam where sale = 'ok'] 
17.07.2020 08:39:21 sql=[SELECT * from sanphamkids] 
17.07.2020 08:39:51 sql=[SELECT * FROM sanphamnam where sale = 'ok'] 
17.07.2020 08:39:54 sql=[SELECT * from sanphamnam] 
17.07.2020 08:43:43 sql=[SELECT * FROM sanphamnam where Idsanphamnam = '4'] 
17.07.2020 08:43:47 sql=[SELECT * FROM sanphamnam where Idsanphamnam = '5'] 
17.07.2020 08:46:28 sql=[SELECT * FROM sanphamkids where Idsanphamkid = '3'] 
17.07.2020 08:46:35 sql=[SELECT * FROM sanphamnam where Idsanphamnam = '1'] 
17.07.2020 08:46:39 sql=[SELECT * FROM sanphamnam where Idsanphamnam = '4'] 
17.07.2020 08:49:50 sql=[SELECT * From sanphamnam where Idsanphamnam > 0 
ORDER BY Idsanphamnam desc limit 3] 
17.07.2020 08:49:50 sql=[SELECT * FROM sanphamkids where Idsanphamkids > 0
ORDER BY Idsanphamkid desc limit 3] 
17.07.2020 08:49:50 Khong the select duoc,ERROR=[Unknown column 'Idsanphamkids' in 'where clause'] 
17.07.2020 08:49:50 COUNT=[0] 
17.07.2020 08:49:51 sql=[SELECT * FROM sanphamnam where Idsanphamnam = '6'] 
18.07.2020 08:17:44 sql=[SELECT * FROM sanphamnam where Idsanphamnam = '1'] 
18.07.2020 08:38:50 sql=[SELECT * From sanphamnam where Idsanphamnam > 0 
ORDER BY Idsanphamnam desc limit 3] 
18.07.2020 08:38:50 sql=[SELECT * FROM sanphamkids where Idsanphamkids > 0
ORDER BY Idsanphamkid desc limit 3] 
18.07.2020 08:38:50 Khong the select duoc,ERROR=[Unknown column 'Idsanphamkids' in 'where clause'] 
18.07.2020 08:38:50 COUNT=[0] 
18.07.2020 08:39:44 sql=[SELECT * FROM sanphamnam , mausacnam Where mausacnam.Mausacsanpham = 'do'
    and sanphamnam.Idsanphamnam = mausacnam.Idsanphamnam] 
18.07.2020 08:41:51 sql=[SELECT * FROM sanphamnam , mausacnam Where mausacnam.Mausacsanpham = 'do'
    and sanphamnam.Idsanphamnam = mausacnam.Idsanphamnam] 
18.07.2020 08:41:52 sql=[SELECT * FROM sanphamnam , mausacnam Where mausacnam.Mausacsanpham = 'do'
    and sanphamnam.Idsanphamnam = mausacnam.Idsanphamnam] 
18.07.2020 08:49:07 sql=[SELECT * From sanphamnam where Idsanphamnam > 0 
ORDER BY Idsanphamnam desc limit 3] 
18.07.2020 08:49:07 sql=[SELECT * FROM sanphamkids where Idsanphamkids > 0
ORDER BY Idsanphamkid desc limit 3] 
18.07.2020 08:49:07 Khong the select duoc,ERROR=[Unknown column 'Idsanphamkids' in 'where clause'] 
18.07.2020 08:49:07 COUNT=[0] 
18.07.2020 08:49:11 sql=[SELECT * FROM sanphamnam , mausacnam Where mausacnam.Mausacsanpham = 'do'
    and sanphamnam.Idsanphamnam = mausacnam.Idsanphamnam] 
18.07.2020 08:51:30 sql=[SELECT * FROM sanphamnam , mausacnam Where mausacnam.Mausacsanpham = 'do'
    and sanphamnam.Idsanphamnam = mausacnam.Idsanphamnam] 
18.07.2020 09:26:09 sql=[SELECT * FROM sanphamnam , mausacnam Where mausacnam.Mausacsanpham = 'do'
    and sanphamnam.Idsanphamnam = mausacnam.Idsanphamnam] 
18.07.2020 09:26:36 sql=[SELECT * FROM sanphamnam , mausacnam Where mausacnam.Mausacsanpham = 'do'
    and sanphamnam.Idsanphamnam = mausacnam.Idsanphamnam] 
18.07.2020 09:26:40 sql=[SELECT * FROM sanphamnam where Idsanphamnam = '1'] 
18.07.2020 09:27:15 sql=[SELECT * FROM sanphamnam , mausacnam Where mausacnam.Mausacsanpham = 'vang'
    and sanphamnam.Idsanphamnam = mausacnam.Idsanphamnam] 
18.07.2020 09:27:37 sql=[SELECT * FROM sanphamnam , mausacnam Where mausacnam.Mausacsanpham = 'vang'
    and sanphamnam.Idsanphamnam = mausacnam.Idsanphamnam] 
18.07.2020 09:27:38 sql=[SELECT * FROM sanphamnam , mausacnam Where mausacnam.Mausacsanpham = 'vang'
    and sanphamnam.Idsanphamnam = mausacnam.Idsanphamnam] 
18.07.2020 09:27:43 sql=[SELECT * FROM sanphamnam , mausacnam Where mausacnam.Mausacsanpham = 'do'
    and sanphamnam.Idsanphamnam = mausacnam.Idsanphamnam] 
18.07.2020 09:29:42 sql=[SELECT * FROM sanphamnam , mausacnam Where mausacnam.Mausacsanpham = 'do'
    and sanphamnam.Idsanphamnam = mausacnam.Idsanphamnam] 
18.07.2020 09:29:59 sql=[SELECT * FROM sanphamnam , mausacnam Where mausacnam.Mausacsanpham = 'do'
    and sanphamnam.Idsanphamnam = mausacnam.Idsanphamnam] 
18.07.2020 09:30:07 sql=[SELECT * FROM sanphamnam , mausacnam Where mausacnam.Mausacsanpham = 'vang'
    and sanphamnam.Idsanphamnam = mausacnam.Idsanphamnam] 
18.07.2020 09:30:14 sql=[SELECT * FROM sanphamnam , mausacnam Where mausacnam.Mausacsanpham = 'vang'
    and sanphamnam.Idsanphamnam = mausacnam.Idsanphamnam] 
18.07.2020 09:30:36 sql=[SELECT * FROM sanphamnam , mausacnam Where mausacnam.Mausacsanpham = 'vang'
    and sanphamnam.Idsanphamnam = mausacnam.Idsanphamnam] 
18.07.2020 09:39:12 sql=[SELECT * FROM sanphamkids , mausackids Where mausackids.Mausacsanpham = 'den'
    and sanphamkids.Idsanphamkid = mausackids.Idsanphamkid] 
18.07.2020 09:39:22 sql=[SELECT * FROM sanphamkids , mausackids Where mausackids.Mausacsanpham = 'do'
    and sanphamkids.Idsanphamkid = mausackids.Idsanphamkid] 
18.07.2020 09:39:56 sql=[SELECT * From sanphamnam where Idsanphamnam > 0 
ORDER BY Idsanphamnam desc limit 3] 
18.07.2020 09:39:56 sql=[SELECT * FROM sanphamkids where Idsanphamkids > 0
ORDER BY Idsanphamkid desc limit 3] 
18.07.2020 09:39:56 Khong the select duoc,ERROR=[Unknown column 'Idsanphamkids' in 'where clause'] 
18.07.2020 09:39:56 COUNT=[0] 
18.07.2020 09:39:57 sql=[SELECT * FROM sanphamnam , mausacnam Where mausacnam.Mausacsanpham = 'den'
    and sanphamnam.Idsanphamnam = mausacnam.Idsanphamnam] 
18.07.2020 09:40:01 sql=[SELECT * FROM sanphamnam , mausacnam Where mausacnam.Mausacsanpham = 'do'
    and sanphamnam.Idsanphamnam = mausacnam.Idsanphamnam] 
18.07.2020 09:43:03 sql=[SELECT * FROM sanphamkids where Idsanphamkid = '3'] 
18.07.2020 09:43:07 sql=[SELECT * FROM sanphamkids , mausackids Where mausackids.Mausacsanpham = 'den'
    and sanphamkids.Idsanphamkid = mausackids.Idsanphamkid] 
18.07.2020 09:43:20 sql=[SELECT * FROM sanphamkids , mausackids Where mausackids.Mausacsanpham = 'den'
    and sanphamkids.Idsanphamkid = mausackids.Idsanphamkid] 
18.07.2020 09:44:56 sql=[SELECT * FROM sanphamkids , mausackids Where mausackids.Mausacsanpham = 'den'
    and sanphamkids.Idsanphamkid = mausackids.Idsanphamkid] 
18.07.2020 09:45:02 sql=[SELECT * FROM sanphamnam , mausacnam Where mausacnam.Mausacsanpham = 'do'
    and sanphamnam.Idsanphamnam = mausacnam.Idsanphamnam] 
18.07.2020 09:45:36 sql=[SELECT * FROM sanphamnam , mausacnam Where mausacnam.Mausacsanpham = 'do'
    and sanphamnam.Idsanphamnam = mausacnam.Idsanphamnam] 
18.07.2020 09:45:37 sql=[SELECT * FROM sanphamnam , mausacnam Where mausacnam.Mausacsanpham = 'den'
    and sanphamnam.Idsanphamnam = mausacnam.Idsanphamnam] 
18.07.2020 09:45:41 sql=[SELECT * FROM sanphamkids , mausackids Where mausackids.Mausacsanpham = 'do'
    and sanphamkids.Idsanphamkid = mausackids.Idsanphamkid] 
18.07.2020 09:45:43 sql=[SELECT * FROM sanphamkids , mausackids Where mausackids.Mausacsanpham = 'trang'
    and sanphamkids.Idsanphamkid = mausackids.Idsanphamkid] 
18.07.2020 09:46:26 sql=[SELECT * FROM sanphamkids , mausackids Where mausackids.Mausacsanpham = 'trang'
    and sanphamkids.Idsanphamkid = mausackids.Idsanphamkid] 
18.07.2020 09:46:45 sql=[SELECT * FROM sanphamkids , mausackids Where mausackids.Mausacsanpham = 'trang'
    and sanphamkids.Idsanphamkid = mausackids.Idsanphamkid] 
18.07.2020 09:46:46 sql=[SELECT * From sanphamnam where Idsanphamnam > 0 
ORDER BY Idsanphamnam desc limit 3] 
18.07.2020 09:46:46 sql=[SELECT * FROM sanphamkids where Idsanphamkids > 0
ORDER BY Idsanphamkid desc limit 3] 
18.07.2020 09:46:46 Khong the select duoc,ERROR=[Unknown column 'Idsanphamkids' in 'where clause'] 
18.07.2020 09:46:46 COUNT=[0] 
18.07.2020 09:46:47 sql=[SELECT * FROM sanphamnam where Idsanphamnam = '6'] 
18.07.2020 09:46:54 sql=[SELECT * From sanphamnam where Idsanphamnam > 0 
ORDER BY Idsanphamnam desc limit 3] 
18.07.2020 09:46:54 sql=[SELECT * FROM sanphamkids where Idsanphamkids > 0
ORDER BY Idsanphamkid desc limit 3] 
18.07.2020 09:46:54 Khong the select duoc,ERROR=[Unknown column 'Idsanphamkids' in 'where clause'] 
18.07.2020 09:46:54 COUNT=[0] 
18.07.2020 09:46:55 sql=[SELECT * FROM sanphamnam , mausacnam Where mausacnam.Mausacsanpham = 'do'
    and sanphamnam.Idsanphamnam = mausacnam.Idsanphamnam] 
18.07.2020 09:46:59 sql=[SELECT * FROM sanphamnam , mausacnam Where mausacnam.Mausacsanpham = 'den'
    and sanphamnam.Idsanphamnam = mausacnam.Idsanphamnam] 
18.07.2020 09:47:03 sql=[SELECT * FROM sanphamnam , mausacnam Where mausacnam.Mausacsanpham = 'do'
    and sanphamnam.Idsanphamnam = mausacnam.Idsanphamnam] 
18.07.2020 09:49:30 sql=[SELECT * from sanphamnam] 
18.07.2020 09:49:33 sql=[SELECT * FROM sanphamnam where Idsanphamnam = '1'] 
18.07.2020 09:49:37 sql=[SELECT * FROM sanphamnam , mausacnam Where mausacnam.Mausacsanpham = 'den'
    and sanphamnam.Idsanphamnam = mausacnam.Idsanphamnam] 
20.07.2020 11:36:23 sql=[SELECT * From sanphamnam where Idsanphamnam > 0 
ORDER BY Idsanphamnam desc limit 3] 
20.07.2020 11:36:23 sql=[SELECT * FROM sanphamkids where Idsanphamkids > 0
ORDER BY Idsanphamkid desc limit 3] 
20.07.2020 11:36:23 Khong the select duoc,ERROR=[Unknown column 'Idsanphamkids' in 'where clause'] 
20.07.2020 11:36:23 COUNT=[0] 
20.07.2020 11:36:31 sql=[SELECT * FROM sanphamnam where sale = 'ok'] 
20.07.2020 11:36:37 sql=[SELECT * from sanphamnam] 
20.07.2020 11:38:08 sql=[SELECT * from sanphamnam] 
20.07.2020 11:39:34 sql=[SELECT * from sanphamnam] 
20.07.2020 11:39:35 sql=[SELECT * from sanphamnam] 
22.07.2020 03:34:27 sql=[SELECT * From sanphamnam where Idsanphamnam > 0 
ORDER BY Idsanphamnam desc limit 3] 
22.07.2020 03:34:27 Khong the select duoc,ERROR=[Table 'webbanhang.sanphamnam' doesn't exist] 
22.07.2020 03:34:27 COUNT=[0] 
22.07.2020 03:34:27 sql=[SELECT * FROM sanphamkids where Idsanphamkids > 0
ORDER BY Idsanphamkid desc limit 3] 
22.07.2020 03:34:27 Khong the select duoc,ERROR=[Unknown column 'Idsanphamkids' in 'where clause'] 
22.07.2020 03:34:27 COUNT=[0] 
22.07.2020 03:34:30 sql=[SELECT * FROM sanphamnam where sale = 'ok'] 
22.07.2020 03:34:30 Khong the select duoc,ERROR=[Table 'webbanhang.sanphamnam' doesn't exist] 
22.07.2020 03:34:30 COUNT=[0] 
22.07.2020 03:43:26 sql=[SELECT * FROM sanphamnam where sale = 'ok'] 
22.07.2020 03:56:47 sql=[SELECT * FROM sanphamnam where sale = 'ok'] 
22.07.2020 03:56:54 sql=[SELECT * From sanphamnam where Idsanphamnam > 0 
ORDER BY Idsanphamnam desc limit 3] 
22.07.2020 03:56:54 sql=[SELECT * FROM sanphamkids where Idsanphamkids > 0
ORDER BY Idsanphamkid desc limit 3] 
22.07.2020 03:56:54 Khong the select duoc,ERROR=[Unknown column 'Idsanphamkids' in 'where clause'] 
22.07.2020 03:56:54 COUNT=[0] 
22.07.2020 03:57:06 sql=[SELECT * FROM sanphamnam where Idsanphamnam = '3'] 
22.07.2020 03:57:21 sql=[SELECT * FROM sanphamnam where sale = 'ok'] 
22.07.2020 03:57:22 sql=[SELECT * From sanphamnam where Idsanphamnam > 0 
ORDER BY Idsanphamnam desc limit 3] 
22.07.2020 03:57:22 sql=[SELECT * FROM sanphamkids where Idsanphamkids > 0
ORDER BY Idsanphamkid desc limit 3] 
22.07.2020 03:57:22 Khong the select duoc,ERROR=[Unknown column 'Idsanphamkids' in 'where clause'] 
22.07.2020 03:57:22 COUNT=[0] 
22.07.2020 04:07:30 sql=[SELECT * FROM sanphamkids where Idsanphamkid = '3'] 
22.07.2020 04:08:11 sql=[SELECT * FROM sanphamnam where sale = 'ok'] 
22.07.2020 04:08:14 sql=[SELECT * From sanphamnam where Idsanphamnam > 0 
ORDER BY Idsanphamnam desc limit 3] 
22.07.2020 04:08:14 sql=[SELECT * FROM sanphamkids where Idsanphamkids > 0
ORDER BY Idsanphamkid desc limit 3] 
22.07.2020 04:08:14 Khong the select duoc,ERROR=[Unknown column 'Idsanphamkids' in 'where clause'] 
22.07.2020 04:08:14 COUNT=[0] 
22.07.2020 04:19:09 sql=[SELECT * From sanphamnam where Idsanphamnam > 0 
ORDER BY Idsanphamnam desc limit 3] 
22.07.2020 04:19:09 sql=[SELECT * FROM sanphamkids where Idsanphamkids > 0
ORDER BY Idsanphamkid desc limit 3] 
22.07.2020 04:19:09 Khong the select duoc,ERROR=[Unknown column 'Idsanphamkids' in 'where clause'] 
22.07.2020 04:19:09 COUNT=[0] 
22.07.2020 04:19:20 sql=[SELECT * FROM sanphamkids where Idsanphamkid = '3'] 
22.07.2020 04:19:23 sql=[SELECT * FROM sanphamkids where Idsanphamkid = '4'] 
23.07.2020 12:02:16 sql=[SELECT * FROM sanphamnam where Idsanphamnam = '4'] 
23.07.2020 12:02:24 sql=[SELECT * FROM sanphamnam where Idsanphamnam = '4'] 
23.07.2020 12:02:32 sql=[SELECT * FROM sanphamnam where Idsanphamnam = '4'] 
23.07.2020 12:02:38 sql=[SELECT * FROM sanphamnam where sale = 'ok'] 
23.07.2020 12:02:39 sql=[SELECT * From sanphamnam where Idsanphamnam > 0 
ORDER BY Idsanphamnam desc limit 3] 
23.07.2020 12:02:39 sql=[SELECT * FROM sanphamkids where Idsanphamkids > 0
ORDER BY Idsanphamkid desc limit 3] 
23.07.2020 12:02:39 Khong the select duoc,ERROR=[Unknown column 'Idsanphamkids' in 'where clause'] 
23.07.2020 12:02:39 COUNT=[0] 
23.07.2020 12:05:43 sql=[SELECT * From sanphamnam where Idsanphamnam > 0 
ORDER BY Idsanphamnam desc limit 3] 
23.07.2020 12:05:43 sql=[SELECT * FROM sanphamkids where Idsanphamkids > 0
ORDER BY Idsanphamkid desc limit 3] 
23.07.2020 12:05:43 Khong the select duoc,ERROR=[Unknown column 'Idsanphamkids' in 'where clause'] 
23.07.2020 12:05:43 COUNT=[0] 
23.07.2020 12:53:11 sql=[SELECT * From sanphamnam where Idsanphamnam > 0 
ORDER BY Idsanphamnam desc limit 3] 
23.07.2020 12:53:11 sql=[SELECT * FROM sanphamkids where Idsanphamkids > 0
ORDER BY Idsanphamkid desc limit 3] 
23.07.2020 12:53:11 Khong the select duoc,ERROR=[Unknown column 'Idsanphamkids' in 'where clause'] 
23.07.2020 12:53:11 COUNT=[0] 
23.07.2020 01:39:29 sql=[SELECT * From sanphamnam where Idsanphamnam > 0 
ORDER BY Idsanphamnam desc limit 3] 
23.07.2020 01:39:29 sql=[SELECT * FROM sanphamkids where Idsanphamkids > 0
ORDER BY Idsanphamkid desc limit 3] 
23.07.2020 01:39:29 Khong the select duoc,ERROR=[Unknown column 'Idsanphamkids' in 'where clause'] 
23.07.2020 01:39:29 COUNT=[0] 
23.07.2020 01:49:23 sql=[SELECT * From sanphamnam where Idsanphamnam > 0 
ORDER BY Idsanphamnam desc limit 3] 
23.07.2020 01:49:23 sql=[SELECT * FROM sanphamkids where Idsanphamkids > 0
ORDER BY Idsanphamkid desc limit 3] 
23.07.2020 01:49:23 Khong the select duoc,ERROR=[Unknown column 'Idsanphamkids' in 'where clause'] 
23.07.2020 01:49:23 COUNT=[0] 
23.07.2020 02:04:53 sql=[SELECT * From sanphamnam where Idsanphamnam > 0 
ORDER BY Idsanphamnam desc limit 3] 
23.07.2020 02:04:53 sql=[SELECT * FROM sanphamkids where Idsanphamkids > 0
ORDER BY Idsanphamkid desc limit 3] 
23.07.2020 02:04:53 Khong the select duoc,ERROR=[Unknown column 'Idsanphamkids' in 'where clause'] 
23.07.2020 02:04:53 COUNT=[0] 
23.07.2020 02:06:31 sql=[SELECT * From sanphamnam where Idsanphamnam > 0 
ORDER BY Idsanphamnam desc limit 3] 
23.07.2020 02:06:31 sql=[SELECT * FROM sanphamkids where Idsanphamkids > 0
ORDER BY Idsanphamkid desc limit 3] 
23.07.2020 02:06:31 Khong the select duoc,ERROR=[Unknown column 'Idsanphamkids' in 'where clause'] 
23.07.2020 02:06:31 COUNT=[0] 
23.07.2020 02:13:27 sql=[SELECT * From sanphamnam where Idsanphamnam > 0 
ORDER BY Idsanphamnam desc limit 3] 
23.07.2020 02:13:27 sql=[SELECT * FROM sanphamkids where Idsanphamkids > 0
ORDER BY Idsanphamkid desc limit 3] 
23.07.2020 02:13:27 Khong the select duoc,ERROR=[Unknown column 'Idsanphamkids' in 'where clause'] 
23.07.2020 02:13:27 COUNT=[0] 
23.07.2020 02:30:51 sql=[SELECT * From sanphamnam where Idsanphamnam > 0 
ORDER BY Idsanphamnam desc limit 3] 
23.07.2020 02:30:51 sql=[SELECT * FROM sanphamkids where Idsanphamkids > 0
ORDER BY Idsanphamkid desc limit 3] 
23.07.2020 02:30:51 Khong the select duoc,ERROR=[Unknown column 'Idsanphamkids' in 'where clause'] 
23.07.2020 02:30:51 COUNT=[0] 
23.07.2020 02:32:02 sql=[SELECT * FROM sanphamnam where Idsanphamnam = '5'] 
23.07.2020 02:32:14 sql=[SELECT * From sanphamnam where Idsanphamnam > 0 
ORDER BY Idsanphamnam desc limit 3] 
23.07.2020 02:32:14 sql=[SELECT * FROM sanphamkids where Idsanphamkids > 0
ORDER BY Idsanphamkid desc limit 3] 
23.07.2020 02:32:14 Khong the select duoc,ERROR=[Unknown column 'Idsanphamkids' in 'where clause'] 
23.07.2020 02:32:14 COUNT=[0] 
23.07.2020 02:32:15 sql=[SELECT * FROM sanphamnam where Idsanphamnam = '5'] 
23.07.2020 02:32:17 sql=[SELECT * From sanphamnam where Idsanphamnam > 0 
ORDER BY Idsanphamnam desc limit 3] 
23.07.2020 02:32:17 sql=[SELECT * FROM sanphamkids where Idsanphamkids > 0
ORDER BY Idsanphamkid desc limit 3] 
23.07.2020 02:32:17 Khong the select duoc,ERROR=[Unknown column 'Idsanphamkids' in 'where clause'] 
23.07.2020 02:32:17 COUNT=[0] 
23.07.2020 02:41:33 sql=[SELECT * From sanphamnam where Idsanphamnam > 0 
ORDER BY Idsanphamnam desc limit 3] 
23.07.2020 02:41:33 sql=[SELECT * FROM sanphamkids where Idsanphamkids > 0
ORDER BY Idsanphamkid desc limit 3] 
23.07.2020 02:41:33 Khong the select duoc,ERROR=[Unknown column 'Idsanphamkids' in 'where clause'] 
23.07.2020 02:41:33 COUNT=[0] 
23.07.2020 02:41:48 sql=[SELECT * From sanphamnam where Idsanphamnam > 0 
ORDER BY Idsanphamnam desc limit 3] 
23.07.2020 02:41:48 sql=[SELECT * FROM sanphamkids where Idsanphamkids > 0
ORDER BY Idsanphamkid desc limit 3] 
23.07.2020 02:41:48 Khong the select duoc,ERROR=[Unknown column 'Idsanphamkids' in 'where clause'] 
23.07.2020 02:41:48 COUNT=[0] 
23.07.2020 03:20:49 sql=[SELECT * From sanphamnam where Idsanphamnam > 0 
ORDER BY Idsanphamnam desc limit 3] 
23.07.2020 03:20:49 sql=[SELECT * FROM sanphamkids where Idsanphamkids > 0
ORDER BY Idsanphamkid desc limit 3] 
23.07.2020 03:20:49 Khong the select duoc,ERROR=[Unknown column 'Idsanphamkids' in 'where clause'] 
23.07.2020 03:20:49 COUNT=[0] 
23.07.2020 03:21:28 sql=[SELECT * From sanphamnam where Idsanphamnam > 0 
ORDER BY Idsanphamnam desc limit 3] 
23.07.2020 03:21:28 sql=[SELECT * FROM sanphamkids where Idsanphamkids > 0
ORDER BY Idsanphamkid desc limit 3] 
23.07.2020 03:21:28 Khong the select duoc,ERROR=[Unknown column 'Idsanphamkids' in 'where clause'] 
23.07.2020 03:21:28 COUNT=[0] 
23.07.2020 03:33:01 sql=[SELECT * From sanphamnam where Idsanphamnam > 0 
ORDER BY Idsanphamnam desc limit 3] 
23.07.2020 03:33:02 sql=[SELECT * FROM sanphamkids where Idsanphamkids > 0
ORDER BY Idsanphamkid desc limit 3] 
23.07.2020 03:33:02 Khong the select duoc,ERROR=[Unknown column 'Idsanphamkids' in 'where clause'] 
23.07.2020 03:33:02 COUNT=[0] 
23.07.2020 04:39:53 sql=[SELECT * From sanphamnam where Idsanphamnam > 0 
ORDER BY Idsanphamnam desc limit 3] 
23.07.2020 04:39:53 sql=[SELECT * FROM sanphamkids where Idsanphamkids > 0
ORDER BY Idsanphamkid desc limit 3] 
23.07.2020 04:39:53 Khong the select duoc,ERROR=[Unknown column 'Idsanphamkids' in 'where clause'] 
23.07.2020 04:39:53 COUNT=[0] 
23.07.2020 04:43:18 sql=[SELECT * FROM sanphamnam where sale = 'ok'] 
23.07.2020 04:44:49 sql=[SELECT * From sanphamnam where Idsanphamnam > 0 
ORDER BY Idsanphamnam desc limit 3] 
23.07.2020 04:44:49 sql=[SELECT * FROM sanphamkids where Idsanphamkids > 0
ORDER BY Idsanphamkid desc limit 3] 
23.07.2020 04:44:49 Khong the select duoc,ERROR=[Unknown column 'Idsanphamkids' in 'where clause'] 
23.07.2020 04:44:49 COUNT=[0] 
23.07.2020 05:12:09 sql=[SELECT * From sanphamnam where Idsanphamnam > 0 
ORDER BY Idsanphamnam desc limit 3] 
23.07.2020 05:12:09 sql=[SELECT * FROM sanphamkids where Idsanphamkids > 0
ORDER BY Idsanphamkid desc limit 3] 
23.07.2020 05:12:09 Khong the select duoc,ERROR=[Unknown column 'Idsanphamkids' in 'where clause'] 
23.07.2020 05:12:09 COUNT=[0] 
23.07.2020 05:17:46 sql=[SELECT * From sanphamnam where Idsanphamnam > 0 
ORDER BY Idsanphamnam desc limit 3] 
23.07.2020 05:17:46 sql=[SELECT * FROM sanphamkids where Idsanphamkids > 0
ORDER BY Idsanphamkid desc limit 3] 
23.07.2020 05:17:46 Khong the select duoc,ERROR=[Unknown column 'Idsanphamkids' in 'where clause'] 
23.07.2020 05:17:46 COUNT=[0] 
23.07.2020 07:09:17 sql=[SELECT * From sanphamnam where Idsanphamnam > 0 
ORDER BY Idsanphamnam desc limit 3] 
23.07.2020 07:09:17 sql=[SELECT * FROM sanphamkids where Idsanphamkids > 0
ORDER BY Idsanphamkid desc limit 3] 
23.07.2020 07:09:17 Khong the select duoc,ERROR=[Unknown column 'Idsanphamkids' in 'where clause'] 
23.07.2020 07:09:17 COUNT=[0] 
23.07.2020 07:14:14 sql=[SELECT * From sanphamnam where Idsanphamnam > 0 
ORDER BY Idsanphamnam desc limit 3] 
23.07.2020 07:14:14 sql=[SELECT * FROM sanphamkids where Idsanphamkids > 0
ORDER BY Idsanphamkid desc limit 3] 
23.07.2020 07:14:14 Khong the select duoc,ERROR=[Unknown column 'Idsanphamkids' in 'where clause'] 
23.07.2020 07:14:14 COUNT=[0] 
23.07.2020 07:23:00 sql=[SELECT * From sanphamnam where Idsanphamnam > 0 
ORDER BY Idsanphamnam desc limit 3] 
23.07.2020 07:23:00 sql=[SELECT * FROM sanphamkids where Idsanphamkids > 0
ORDER BY Idsanphamkid desc limit 3] 
23.07.2020 07:23:00 Khong the select duoc,ERROR=[Unknown column 'Idsanphamkids' in 'where clause'] 
23.07.2020 07:23:00 COUNT=[0] 
23.07.2020 07:28:55 sql=[SELECT * From sanphamnam where Idsanphamnam > 0 
ORDER BY Idsanphamnam desc limit 3] 
23.07.2020 07:28:55 sql=[SELECT * FROM sanphamkids where Idsanphamkids > 0
ORDER BY Idsanphamkid desc limit 3] 
23.07.2020 07:28:55 Khong the select duoc,ERROR=[Unknown column 'Idsanphamkids' in 'where clause'] 
23.07.2020 07:28:55 COUNT=[0] 
23.07.2020 07:29:29 sql=[SELECT * From sanphamnam where Idsanphamnam > 0 
ORDER BY Idsanphamnam desc limit 3] 
23.07.2020 07:29:29 sql=[SELECT * FROM sanphamkids where Idsanphamkids > 0
ORDER BY Idsanphamkid desc limit 3] 
23.07.2020 07:29:29 Khong the select duoc,ERROR=[Unknown column 'Idsanphamkids' in 'where clause'] 
23.07.2020 07:29:29 COUNT=[0] 
23.07.2020 07:31:11 sql=[SELECT * FROM sanphamnam where sale = 'ok'] 
23.07.2020 07:31:17 sql=[SELECT * From sanphamnam where Idsanphamnam > 0 
ORDER BY Idsanphamnam desc limit 3] 
23.07.2020 07:31:17 sql=[SELECT * FROM sanphamkids where Idsanphamkids > 0
ORDER BY Idsanphamkid desc limit 3] 
23.07.2020 07:31:17 Khong the select duoc,ERROR=[Unknown column 'Idsanphamkids' in 'where clause'] 
23.07.2020 07:31:17 COUNT=[0] 
23.07.2020 07:33:55 sql=[SELECT * From sanphamnam where Idsanphamnam > 0 
ORDER BY Idsanphamnam desc limit 3] 
23.07.2020 07:33:55 sql=[SELECT * FROM sanphamkids where Idsanphamkids > 0
ORDER BY Idsanphamkid desc limit 3] 
23.07.2020 07:33:55 Khong the select duoc,ERROR=[Unknown column 'Idsanphamkids' in 'where clause'] 
23.07.2020 07:33:55 COUNT=[0] 
23.07.2020 07:34:19 sql=[SELECT * From sanphamnam where Idsanphamnam > 0 
ORDER BY Idsanphamnam desc limit 3] 
23.07.2020 07:34:19 sql=[SELECT * FROM sanphamkids where Idsanphamkids > 0
ORDER BY Idsanphamkid desc limit 3] 
23.07.2020 07:34:19 Khong the select duoc,ERROR=[Unknown column 'Idsanphamkids' in 'where clause'] 
23.07.2020 07:34:19 COUNT=[0] 
23.07.2020 07:37:04 sql=[SELECT * From sanphamnam where Idsanphamnam > 0 
ORDER BY Idsanphamnam desc limit 3] 
23.07.2020 07:37:04 sql=[SELECT * FROM sanphamkids where Idsanphamkids > 0
ORDER BY Idsanphamkid desc limit 3] 
23.07.2020 07:37:04 Khong the select duoc,ERROR=[Unknown column 'Idsanphamkids' in 'where clause'] 
23.07.2020 07:37:04 COUNT=[0] 
23.07.2020 07:41:14 sql=[SELECT * From sanphamnam where Idsanphamnam > 0 
ORDER BY Idsanphamnam desc limit 3] 
23.07.2020 07:41:14 sql=[SELECT * FROM sanphamkids where Idsanphamkids > 0
ORDER BY Idsanphamkid desc limit 3] 
23.07.2020 07:41:14 Khong the select duoc,ERROR=[Unknown column 'Idsanphamkids' in 'where clause'] 
23.07.2020 07:41:14 COUNT=[0] 
23.07.2020 08:04:05 sql=[SELECT * From sanphamnam where Idsanphamnam > 0 
ORDER BY Idsanphamnam desc limit 3] 
23.07.2020 08:04:05 sql=[SELECT * FROM sanphamkids where Idsanphamkids > 0
ORDER BY Idsanphamkid desc limit 3] 
23.07.2020 08:04:05 Khong the select duoc,ERROR=[Unknown column 'Idsanphamkids' in 'where clause'] 
23.07.2020 08:04:05 COUNT=[0] 
23.07.2020 08:16:31 sql=[SELECT * From sanphamnam where Idsanphamnam > 0 
ORDER BY Idsanphamnam desc limit 3] 
23.07.2020 08:16:31 sql=[SELECT * FROM sanphamkids where Idsanphamkids > 0
ORDER BY Idsanphamkid desc limit 3] 
23.07.2020 08:16:31 Khong the select duoc,ERROR=[Unknown column 'Idsanphamkids' in 'where clause'] 
23.07.2020 08:16:31 COUNT=[0] 
23.07.2020 08:18:40 sql=[SELECT * From sanphamnam where Idsanphamnam > 0 
ORDER BY Idsanphamnam desc limit 3] 
23.07.2020 08:18:40 sql=[SELECT * FROM sanphamkids where Idsanphamkids > 0
ORDER BY Idsanphamkid desc limit 3] 
23.07.2020 08:18:40 Khong the select duoc,ERROR=[Unknown column 'Idsanphamkids' in 'where clause'] 
23.07.2020 08:18:40 COUNT=[0] 
23.07.2020 08:19:03 sql=[SELECT * From sanphamnam where Idsanphamnam > 0 
ORDER BY Idsanphamnam desc limit 3] 
23.07.2020 08:19:03 sql=[SELECT * FROM sanphamkids where Idsanphamkids > 0
ORDER BY Idsanphamkid desc limit 3] 
23.07.2020 08:19:03 Khong the select duoc,ERROR=[Unknown column 'Idsanphamkids' in 'where clause'] 
23.07.2020 08:19:03 COUNT=[0] 
23.07.2020 08:19:24 sql=[SELECT * From sanphamnam where Idsanphamnam > 0 
ORDER BY Idsanphamnam desc limit 3] 
23.07.2020 08:19:24 sql=[SELECT * FROM sanphamkids where Idsanphamkids > 0
ORDER BY Idsanphamkid desc limit 3] 
23.07.2020 08:19:24 Khong the select duoc,ERROR=[Unknown column 'Idsanphamkids' in 'where clause'] 
23.07.2020 08:19:24 COUNT=[0] 
23.07.2020 08:23:22 sql=[SELECT * From sanphamnam where Idsanphamnam > 0 
ORDER BY Idsanphamnam desc limit 3] 
23.07.2020 08:23:22 sql=[SELECT * FROM sanphamkids where Idsanphamkids > 0
ORDER BY Idsanphamkid desc limit 3] 
23.07.2020 08:23:22 Khong the select duoc,ERROR=[Unknown column 'Idsanphamkids' in 'where clause'] 
23.07.2020 08:23:22 COUNT=[0] 
23.07.2020 08:26:44 sql=[SELECT * From sanphamnam where Idsanphamnam > 0 
ORDER BY Idsanphamnam desc limit 3] 
23.07.2020 08:26:44 sql=[SELECT * FROM sanphamkids where Idsanphamkids > 0
ORDER BY Idsanphamkid desc limit 3] 
23.07.2020 08:26:44 Khong the select duoc,ERROR=[Unknown column 'Idsanphamkids' in 'where clause'] 
23.07.2020 08:26:44 COUNT=[0] 
23.07.2020 08:29:57 sql=[SELECT * From sanphamnam where Idsanphamnam > 0 
ORDER BY Idsanphamnam desc limit 3] 
23.07.2020 08:29:57 sql=[SELECT * FROM sanphamkids where Idsanphamkids > 0
ORDER BY Idsanphamkid desc limit 3] 
23.07.2020 08:29:57 Khong the select duoc,ERROR=[Unknown column 'Idsanphamkids' in 'where clause'] 
23.07.2020 08:29:57 COUNT=[0] 
23.07.2020 08:30:56 sql=[SELECT * From sanphamnam where Idsanphamnam > 0 
ORDER BY Idsanphamnam desc limit 3] 
23.07.2020 08:30:56 sql=[SELECT * FROM sanphamkids where Idsanphamkids > 0
ORDER BY Idsanphamkid desc limit 3] 
23.07.2020 08:30:56 Khong the select duoc,ERROR=[Unknown column 'Idsanphamkids' in 'where clause'] 
23.07.2020 08:30:57 COUNT=[0] 
23.07.2020 08:33:30 sql=[SELECT * From sanphamnam where Idsanphamnam > 0 
ORDER BY Idsanphamnam desc limit 3] 
23.07.2020 08:33:30 sql=[SELECT * FROM sanphamkids where Idsanphamkids > 0
ORDER BY Idsanphamkid desc limit 3] 
23.07.2020 08:33:30 Khong the select duoc,ERROR=[Unknown column 'Idsanphamkids' in 'where clause'] 
23.07.2020 08:33:30 COUNT=[0] 
23.07.2020 08:37:44 sql=[SELECT * FROM sanphamnam where sale = 'ok'] 
23.07.2020 08:37:46 sql=[SELECT * From sanphamnam where Idsanphamnam > 0 
ORDER BY Idsanphamnam desc limit 3] 
23.07.2020 08:37:47 sql=[SELECT * FROM sanphamkids where Idsanphamkids > 0
ORDER BY Idsanphamkid desc limit 3] 
23.07.2020 08:37:47 Khong the select duoc,ERROR=[Unknown column 'Idsanphamkids' in 'where clause'] 
23.07.2020 08:37:47 COUNT=[0] 
23.07.2020 08:37:49 sql=[SELECT * FROM sanphamnam where sale = 'ok'] 
24.07.2020 04:42:36 sql=[SELECT * From sanphamnam where Idsanphamnam > 0 
ORDER BY Idsanphamnam desc limit 3] 
24.07.2020 04:42:36 sql=[SELECT * FROM sanphamkids where Idsanphamkids > 0
ORDER BY Idsanphamkid desc limit 3] 
24.07.2020 04:42:37 Khong the select duoc,ERROR=[Unknown column 'Idsanphamkids' in 'where clause'] 
24.07.2020 04:42:37 COUNT=[0] 
24.07.2020 04:42:42 sql=[SELECT * FROM sanphamnam where Idsanphamnam = '32'] 
24.07.2020 04:44:35 sql=[SELECT * FROM sanphamnam where Idsanphamnam = '32'] 
24.07.2020 04:44:37 sql=[SELECT * FROM sanphamnam where Idsanphamnam = '32'] 
24.07.2020 04:49:43 sql=[SELECT * FROM sanphamnam where Idsanphamnam = '32'] 
24.07.2020 04:49:56 sql=[SELECT * FROM sanphamnam where Idsanphamnam = '32'] 
24.07.2020 04:50:01 sql=[SELECT * FROM sanphamnam where Idsanphamnam = '32'] 
24.07.2020 04:50:26 sql=[SELECT * FROM sanphamnam where Idsanphamnam = '32'] 
24.07.2020 04:51:22 sql=[SELECT * FROM sanphamnam where Idsanphamnam = '32'] 
24.07.2020 04:51:29 sql=[SELECT * FROM sanphamnam where Idsanphamnam = '32'] 
24.07.2020 04:52:52 sql=[SELECT * FROM sanphamnam where Idsanphamnam = '32'] 
24.07.2020 04:53:52 sql=[SELECT * FROM sanphamnam where Idsanphamnam = '32'] 
24.07.2020 04:54:32 sql=[SELECT * FROM sanphamnam where Idsanphamnam = '32'] 
24.07.2020 04:54:42 sql=[SELECT * FROM sanphamnam where Idsanphamnam = '32'] 
24.07.2020 04:55:28 sql=[SELECT * FROM sanphamnam where Idsanphamnam = '32'] 
24.07.2020 04:55:52 sql=[SELECT * FROM sanphamnam where Idsanphamnam = '32'] 
24.07.2020 04:56:41 sql=[SELECT * FROM sanphamnam where Idsanphamnam = '32'] 
24.07.2020 04:56:47 sql=[SELECT * FROM sanphamnam where Idsanphamnam = '32'] 
24.07.2020 04:57:10 sql=[SELECT * FROM sanphamnam where Idsanphamnam = '32'] 
24.07.2020 05:05:33 sql=[SELECT * FROM sanphamnam where Idsanphamnam = '32'] 
24.07.2020 05:05:45 sql=[SELECT * FROM sanphamnam where Idsanphamnam = '32'] 
24.07.2020 05:05:48 sql=[SELECT * FROM sanphamnam where Idsanphamnam = '32'] 
24.07.2020 05:29:04 sql=[SELECT * FROM sanphamnam where Idsanphamnam = '32'] 
24.07.2020 05:30:27 sql=[SELECT * FROM sanphamnam where Idsanphamnam = '32'] 
24.07.2020 05:32:23 sql=[SELECT * FROM sanphamnam where Idsanphamnam = '32'] 
24.07.2020 05:32:51 sql=[SELECT * FROM sanphamnam where Idsanphamnam = '32'] 
24.07.2020 05:33:02 sql=[SELECT * FROM sanphamnam where Idsanphamnam = '32'] 
24.07.2020 05:33:44 sql=[SELECT * FROM sanphamnam where Idsanphamnam = '32'] 
24.07.2020 05:36:30 sql=[SELECT * FROM sanphamnam where Idsanphamnam = '32'] 
24.07.2020 05:41:38 <!-- sql=[insert into donhang (Tensanpham,Soluong,Tennguoimua,Sodt,Diachi) values (n'ASM-KD 03',n'2',n'Duy',n'0368817989',n'ND')] --> 
24.07.2020 05:43:10 <!-- sql=[insert into donhang (Tensanpham,Soluong,Tennguoimua,Sodt,Diachi) values (n'ASM-KD 03',n'2',n'Duy',n'0368817989',n'ND')] --> 
24.07.2020 05:45:10 <!-- sql=[insert into donhang (Tensanpham,Soluong,Tennguoimua,Sodt,Diachi) values (n'ASM-KD 03',n'2',n'Duy',n'0368817989',n'ND')] --> 
24.07.2020 05:45:32 <!-- sql=[insert into donhang (Tensanpham,Soluong,Tennguoimua,Sodt,Diachi) values (n'ASM-KD 03',n'2',n'Duy',n'0368817989',n'ND')] --> 
24.07.2020 05:47:54 <!-- sql=[insert into donhang (Tensanpham,Soluong,Tennguoimua,Sodt,Diachi) values (n'ASM-KD 03',n'2',n'Duy',n'0368817989',n'ND')] --> 
24.07.2020 05:48:15 <!-- sql=[insert into donhang (Tensanpham,Soluong,Tennguoimua,Sodt,Diachi) values (n'ASM-KD 03',n'2',n'Duy',n'0368817989',n'ND')] --> 
24.07.2020 05:48:15 sql=[SELECT * FROM sanphamnam limit 4] 
24.07.2020 05:49:39 <!-- sql=[insert into donhang (Tensanpham,Soluong,Tennguoimua,Sodt,Diachi) values (n'ASM-KD 03',n'2',n'Duy',n'0368817989',n'ND')] --> 
24.07.2020 05:49:39 sql=[SELECT * FROM sanphamnam limit 4] 
24.07.2020 05:49:54 <!-- sql=[insert into donhang (Tensanpham,Soluong,Tennguoimua,Sodt,Diachi) values (n'ASM-KD 03',n'2',n'Duy',n'0368817989',n'ND')] --> 
24.07.2020 05:49:55 sql=[SELECT * FROM sanphamnam limit 4] 
24.07.2020 05:50:08 <!-- sql=[insert into donhang (Tensanpham,Soluong,Tennguoimua,Sodt,Diachi) values (n'ASM-KD 03',n'2',n'Duy',n'0368817989',n'ND')] --> 
24.07.2020 05:50:08 sql=[SELECT * FROM sanphamnam limit 4] 
24.07.2020 05:52:06 <!-- sql=[insert into donhang (Tensanpham,Soluong,Tennguoimua,Sodt,Diachi) values (n'ASM-KD 03',n'2',n'Duy',n'0368817989',n'ND')] --> 
24.07.2020 05:52:06 sql=[SELECT * FROM sanphamnam limit 4 ORDER BY Idsanphamnam DESC] 
24.07.2020 05:52:06 Khong the select duoc,ERROR=[You have an error in your SQL syntax; check the manual that corresponds to your MariaDB server version for the right syntax to use near 'ORDER BY Idsanphamnam DESC' at line 1] 
24.07.2020 05:52:06 COUNT=[0] 
24.07.2020 05:52:18 <!-- sql=[insert into donhang (Tensanpham,Soluong,Tennguoimua,Sodt,Diachi) values (n'ASM-KD 03',n'2',n'Duy',n'0368817989',n'ND')] --> 
24.07.2020 05:52:18 sql=[SELECT * FROM sanphamnam limit 4 ORDER BY 'Idsanphamnam' DESC] 
24.07.2020 05:52:18 Khong the select duoc,ERROR=[You have an error in your SQL syntax; check the manual that corresponds to your MariaDB server version for the right syntax to use near 'ORDER BY 'Idsanphamnam' DESC' at line 1] 
24.07.2020 05:52:18 COUNT=[0] 
24.07.2020 05:52:29 <!-- sql=[insert into donhang (Tensanpham,Soluong,Tennguoimua,Sodt,Diachi) values (n'ASM-KD 03',n'2',n'Duy',n'0368817989',n'ND')] --> 
24.07.2020 05:52:29 sql=[SELECT * FROM sanphamnam ORDER BY Idsanphamnam DESC] 
24.07.2020 05:52:50 <!-- sql=[insert into donhang (Tensanpham,Soluong,Tennguoimua,Sodt,Diachi) values (n'ASM-KD 03',n'2',n'Duy',n'0368817989',n'ND')] --> 
24.07.2020 05:52:50 sql=[SELECT * FROM sanphamnam ORDER BY Idsanphamnam DESC limit 4] 
24.07.2020 05:52:53 <!-- sql=[insert into donhang (Tensanpham,Soluong,Tennguoimua,Sodt,Diachi) values (n'ASM-KD 03',n'2',n'Duy',n'0368817989',n'ND')] --> 
24.07.2020 05:52:53 sql=[SELECT * FROM sanphamnam ORDER BY Idsanphamnam DESC limit 4] 
24.07.2020 05:53:07 <!-- sql=[insert into donhang (Tensanpham,Soluong,Tennguoimua,Sodt,Diachi) values (n'ASM-KD 03',n'2',n'Duy',n'0368817989',n'ND')] --> 
24.07.2020 05:53:07 sql=[SELECT * FROM sanphamnam ORDER BY Idsanphamnam DESC limit 4] 
24.07.2020 05:53:28 <!-- sql=[insert into donhang (Tensanpham,Soluong,Tennguoimua,Sodt,Diachi) values (n'ASM-KD 03',n'2',n'Duy',n'0368817989',n'ND')] --> 
24.07.2020 05:53:28 sql=[SELECT * FROM sanphamnam ORDER BY Idsanphamnam DESC limit 4] 
24.07.2020 05:53:53 <!-- sql=[insert into donhang (Tensanpham,Soluong,Tennguoimua,Sodt,Diachi) values (n'ASM-KD 03',n'2',n'Duy',n'0368817989',n'ND')] --> 
24.07.2020 05:53:53 sql=[SELECT * FROM sanphamnam ORDER BY Idsanphamnam DESC limit 4] 
24.07.2020 05:57:09 <!-- sql=[insert into donhang (Tensanpham,Soluong,Tennguoimua,Sodt,Diachi) values (n'ASM-KD 03',n'2',n'Duy',n'0368817989',n'ND')] --> 
24.07.2020 05:57:09 sql=[SELECT * FROM sanphamnam ORDER BY Idsanphamnam DESC limit 4] 
24.07.2020 05:57:44 <!-- sql=[insert into donhang (Tensanpham,Soluong,Tennguoimua,Sodt,Diachi) values (n'ASM-KD 03',n'2',n'Duy',n'0368817989',n'ND')] --> 
24.07.2020 05:57:45 sql=[SELECT * FROM sanphamnam ORDER BY Idsanphamnam DESC limit 4] 
24.07.2020 05:58:36 sql=[SELECT * From sanphamnam where Idsanphamnam > 0 
ORDER BY Idsanphamnam desc limit 3] 
24.07.2020 05:58:36 sql=[SELECT * FROM sanphamkids where Idsanphamkids > 0
ORDER BY Idsanphamkid desc limit 3] 
24.07.2020 05:58:36 Khong the select duoc,ERROR=[Unknown column 'Idsanphamkids' in 'where clause'] 
24.07.2020 05:58:36 COUNT=[0] 
24.07.2020 05:58:38 sql=[SELECT * FROM sanphamnam where Idsanphamnam = '3'] 
24.07.2020 05:59:46 sql=[SELECT * FROM sanphamnam where Idsanphamnam = '32'] 
24.07.2020 05:59:47 sql=[SELECT * FROM sanphamnam where Idsanphamnam = '32'] 
24.07.2020 06:00:51 <!-- sql=[insert into donhang (Tensanpham,Soluong,Tennguoimua,Sodt,Diachi) values (n'ASM-KD 03',n'2',n'Duy',n'0368817989',n'ND')] --> 
24.07.2020 06:00:51 sql=[SELECT * FROM sanphamnam ORDER BY Idsanphamnam DESC limit 4] 
24.07.2020 06:02:06 sql=[SELECT * From sanphamnam where Idsanphamnam > 0 
ORDER BY Idsanphamnam desc limit 3] 
24.07.2020 06:02:06 sql=[SELECT * FROM sanphamkids where Idsanphamkids > 0
ORDER BY Idsanphamkid desc limit 3] 
24.07.2020 06:02:06 Khong the select duoc,ERROR=[Unknown column 'Idsanphamkids' in 'where clause'] 
24.07.2020 06:02:06 COUNT=[0] 
24.07.2020 06:02:07 sql=[SELECT * FROM sanphamnam where Idsanphamnam = '32'] 
24.07.2020 06:02:12 sql=[SELECT * FROM sanphamnam where Idsanphamnam = '3'] 
24.07.2020 06:04:35 sql=[SELECT * From sanphamnam where Idsanphamnam > 0 
ORDER BY Idsanphamnam desc limit 3] 
24.07.2020 06:04:35 sql=[SELECT * FROM sanphamkids where Idsanphamkids > 0
ORDER BY Idsanphamkid desc limit 3] 
24.07.2020 06:04:35 Khong the select duoc,ERROR=[Unknown column 'Idsanphamkids' in 'where clause'] 
24.07.2020 06:04:35 COUNT=[0] 
24.07.2020 06:04:36 sql=[SELECT * from sanphamnam] 
24.07.2020 06:04:43 sql=[SELECT * FROM sanphamnam where Idsanphamnam = '1'] 
24.07.2020 06:04:45 sql=[SELECT * From sanphamnam where Idsanphamnam > 0 
ORDER BY Idsanphamnam desc limit 3] 
24.07.2020 06:04:45 sql=[SELECT * FROM sanphamkids where Idsanphamkids > 0
ORDER BY Idsanphamkid desc limit 3] 
24.07.2020 06:04:45 Khong the select duoc,ERROR=[Unknown column 'Idsanphamkids' in 'where clause'] 
24.07.2020 06:04:45 COUNT=[0] 
24.07.2020 06:04:47 sql=[SELECT * from sanphamnam] 
24.07.2020 06:04:51 sql=[SELECT * From sanphamnam where Idsanphamnam > 0 
ORDER BY Idsanphamnam desc limit 3] 
24.07.2020 06:04:51 sql=[SELECT * FROM sanphamkids where Idsanphamkids > 0
ORDER BY Idsanphamkid desc limit 3] 
24.07.2020 06:04:51 Khong the select duoc,ERROR=[Unknown column 'Idsanphamkids' in 'where clause'] 
24.07.2020 06:04:51 COUNT=[0] 
24.07.2020 06:05:13 sql=[SELECT * From sanphamnam where Idsanphamnam > 0 
ORDER BY Idsanphamnam desc limit 3] 
24.07.2020 06:05:13 sql=[SELECT * FROM sanphamkids where Idsanphamkids > 0
ORDER BY Idsanphamkid desc limit 3] 
24.07.2020 06:05:13 Khong the select duoc,ERROR=[Unknown column 'Idsanphamkids' in 'where clause'] 
24.07.2020 06:05:13 COUNT=[0] 
24.07.2020 06:05:14 sql=[SELECT * FROM sanphamnam where Idsanphamnam = '32'] 
24.07.2020 06:09:00 sql=[SELECT * FROM sanphamnam where Idsanphamnam = '32'] 
24.07.2020 06:09:00 sql=[SELECT * FROM sanphamnam ORDER BY Idsanphamnam DESC limit 4] 
24.07.2020 06:09:08 sql=[SELECT * From sanphamnam where Idsanphamnam > 0 
ORDER BY Idsanphamnam desc limit 3] 
24.07.2020 06:09:08 sql=[SELECT * FROM sanphamkids where Idsanphamkids > 0
ORDER BY Idsanphamkid desc limit 3] 
24.07.2020 06:09:08 Khong the select duoc,ERROR=[Unknown column 'Idsanphamkids' in 'where clause'] 
24.07.2020 06:09:08 COUNT=[0] 
24.07.2020 06:09:09 sql=[SELECT * FROM sanphamnam where Idsanphamnam = '3'] 
24.07.2020 06:09:09 sql=[SELECT * FROM sanphamnam ORDER BY Idsanphamnam DESC limit 4] 
24.07.2020 06:09:53 sql=[SELECT * FROM sanphamnam where Idsanphamnam = '32'] 
24.07.2020 06:09:53 sql=[SELECT * FROM sanphamnam ORDER BY Idsanphamnam DESC limit 4] 
24.07.2020 06:13:10 sql=[SELECT * From sanphamnam where Idsanphamnam > 0 
ORDER BY Idsanphamnam desc limit 3] 
24.07.2020 06:13:10 sql=[SELECT * FROM sanphamkids where Idsanphamkids > 0
ORDER BY Idsanphamkid desc limit 3] 
24.07.2020 06:13:10 Khong the select duoc,ERROR=[Unknown column 'Idsanphamkids' in 'where clause'] 
24.07.2020 06:13:10 COUNT=[0] 
24.07.2020 06:13:11 sql=[SELECT * FROM sanphamnam where Idsanphamnam = '32'] 
24.07.2020 06:13:11 sql=[SELECT * FROM sanphamnam ORDER BY Idsanphamnam DESC limit 4] 
24.07.2020 06:15:05 sql=[SELECT * FROM sanphamnam where Idsanphamnam = '32'] 
24.07.2020 06:15:05 sql=[SELECT * FROM sanphamnam ORDER BY Idsanphamnam DESC limit 4] 
24.07.2020 06:15:08 sql=[SELECT * from sanphamnam] 
24.07.2020 06:15:14 sql=[SELECT * FROM sanphamnam where sale = 'ok'] 
24.07.2020 06:15:15 sql=[SELECT * FROM sanphamnam where Idsanphamnam = '2'] 
24.07.2020 06:15:15 sql=[SELECT * FROM sanphamnam ORDER BY Idsanphamnam DESC limit 4] 
24.07.2020 06:15:37 sql=[SELECT * FROM sanphamkids where Idsanphamkid = '3'] 
24.07.2020 06:15:52 sql=[SELECT * FROM sanphamkids where Idsanphamkid = '3'] 
24.07.2020 06:18:26 sql=[SELECT * FROM sanphamkids where Idsanphamkid = '3'] 
24.07.2020 06:18:27 sql=[SELECT * From sanphamnam where Idsanphamnam > 0 
ORDER BY Idsanphamnam desc limit 3] 
24.07.2020 06:18:27 sql=[SELECT * FROM sanphamkids where Idsanphamkids > 0
ORDER BY Idsanphamkid desc limit 3] 
24.07.2020 06:18:27 Khong the select duoc,ERROR=[Unknown column 'Idsanphamkids' in 'where clause'] 
24.07.2020 06:18:27 COUNT=[0] 
24.07.2020 06:18:28 sql=[SELECT * FROM sanphamnam where Idsanphamnam = '32'] 
24.07.2020 06:18:28 sql=[SELECT * FROM sanphamnam ORDER BY Idsanphamnam DESC limit 4] 
24.07.2020 06:18:52 sql=[SELECT * FROM sanphamnam where Idsanphamnam = '32'] 
24.07.2020 06:18:52 sql=[SELECT * FROM sanphamnam ORDER BY Idsanphamnam DESC limit 4] 
24.07.2020 06:19:00 sql=[SELECT * FROM sanphamnam where Idsanphamnam = '32'] 
24.07.2020 06:19:00 sql=[SELECT * FROM sanphamnam ORDER BY Idsanphamnam DESC limit 4] 
24.07.2020 06:19:02 sql=[SELECT * FROM sanphamnam where Idsanphamnam = '32'] 
24.07.2020 06:19:02 sql=[SELECT * FROM sanphamnam ORDER BY Idsanphamnam DESC limit 4] 
24.07.2020 06:19:07 sql=[SELECT * FROM sanphamnam where Idsanphamnam = '32'] 
24.07.2020 06:19:07 sql=[SELECT * FROM sanphamnam ORDER BY Idsanphamnam DESC limit 4] 
24.07.2020 06:19:14 sql=[SELECT * FROM sanphamnam where Idsanphamnam = '32'] 
24.07.2020 06:19:14 sql=[SELECT * FROM sanphamnam ORDER BY Idsanphamnam DESC limit 4] 
24.07.2020 06:20:10 sql=[SELECT * FROM sanphamnam where Idsanphamnam = '32'] 
24.07.2020 06:20:10 sql=[SELECT * FROM sanphamnam ORDER BY Idsanphamnam DESC limit 4] 
24.07.2020 06:20:20 sql=[SELECT * FROM sanphamnam where Idsanphamnam = '32'] 
24.07.2020 06:20:20 sql=[SELECT * FROM sanphamnam ORDER BY Idsanphamnam DESC limit 4] 
24.07.2020 06:20:30 sql=[SELECT * FROM sanphamnam where Idsanphamnam = '32'] 
24.07.2020 06:20:30 sql=[SELECT * FROM sanphamnam ORDER BY Idsanphamnam DESC limit 4] 
24.07.2020 06:20:44 sql=[SELECT * FROM sanphamnam where Idsanphamnam = '32'] 
24.07.2020 06:20:44 sql=[SELECT * FROM sanphamnam ORDER BY Idsanphamnam DESC limit 4] 
24.07.2020 06:20:53 sql=[SELECT * FROM sanphamnam where Idsanphamnam = '32'] 
24.07.2020 06:20:53 sql=[SELECT * FROM sanphamnam ORDER BY Idsanphamnam DESC limit 4] 
24.07.2020 06:23:01 sql=[SELECT * FROM sanphamkids where Idsanphamkid = '1'] 
24.07.2020 06:24:08 sql=[SELECT * FROM sanphamkids where Idsanphamkid = '1'] 
24.07.2020 06:33:23 sql=[SELECT * FROM sanphamkids where Idsanphamkid = '1'] 
24.07.2020 06:33:23 sql=[SELECT * FROM sanphamkids ORDER BY Idsanphamkid DESC limit 4] 
24.07.2020 06:33:58 sql=[SELECT * FROM sanphamkids where Idsanphamkid = '1'] 
24.07.2020 06:33:58 sql=[SELECT * FROM sanphamkids ORDER BY Idsanphamkid DESC limit 4] 
24.07.2020 06:34:07 sql=[SELECT * FROM sanphamkids where Idsanphamkid = '1'] 
24.07.2020 06:34:07 sql=[SELECT * FROM sanphamkids ORDER BY Idsanphamkid DESC limit 4] 
24.07.2020 06:34:23 <!-- sql=[insert into donhang (Tensanpham,Soluong,Tennguoimua,Sodt,Diachi) values (n'QUN B GI QDG19301',n'2',n'Duy',n'0368817989',n'ND')] --> 
24.07.2020 06:34:24 sql=[SELECT * FROM sanphamnam ORDER BY Idsanphamnam DESC limit 4] 
25.07.2020 08:08:50 sql=[SELECT * From sanphamnam where Idsanphamnam > 0 
ORDER BY Idsanphamnam desc limit 3] 
25.07.2020 08:08:50 sql=[SELECT * FROM sanphamkids where Idsanphamkids > 0
ORDER BY Idsanphamkid desc limit 3] 
25.07.2020 08:08:50 Khong the select duoc,ERROR=[Unknown column 'Idsanphamkids' in 'where clause'] 
25.07.2020 08:08:50 COUNT=[0] 
25.07.2020 08:08:55 sql=[SELECT * FROM sanphamnam where sale = 'ok'] 
25.07.2020 08:10:20 sql=[SELECT * FROM sanphamnam , mausacnam Where mausacnam.Mausacsanpham = 'den'
    and sanphamnam.Idsanphamnam = mausacnam.Idsanphamnam] 
25.07.2020 08:11:15 sql=[SELECT * From sanphamnam where Idsanphamnam > 0 
ORDER BY Idsanphamnam desc limit 3] 
25.07.2020 08:11:15 sql=[SELECT * FROM sanphamkids where Idsanphamkids > 0
ORDER BY Idsanphamkid desc limit 3] 
25.07.2020 08:11:15 Khong the select duoc,ERROR=[Unknown column 'Idsanphamkids' in 'where clause'] 
25.07.2020 08:11:15 COUNT=[0] 
25.07.2020 08:11:32 sql=[SELECT * FROM sanphamnam where Idsanphamnam = '32'] 
25.07.2020 08:11:32 sql=[SELECT * FROM sanphamnam ORDER BY Idsanphamnam DESC limit 4] 
25.07.2020 08:11:57 sql=[SELECT * FROM sanphamnam where sale = 'ok'] 
25.07.2020 08:11:59 sql=[SELECT * FROM sanphamnam where Idsanphamnam = '2'] 
25.07.2020 08:11:59 sql=[SELECT * FROM sanphamnam ORDER BY Idsanphamnam DESC limit 4] 
25.07.2020 08:32:52 sql=[SELECT * FROM sanphamnam where Idsanphamnam = '2'] 
25.07.2020 08:32:52 sql=[SELECT * FROM sanphamnam ORDER BY Idsanphamnam DESC limit 4] 
25.07.2020 08:32:56 sql=[SELECT * FROM sanphamnam where Idsanphamnam = '2'] 
25.07.2020 08:32:56 sql=[SELECT * FROM sanphamnam ORDER BY Idsanphamnam DESC limit 4] 
25.07.2020 08:33:08 sql=[SELECT * FROM sanphamnam where Idsanphamnam = '2'] 
25.07.2020 08:33:08 sql=[SELECT * FROM sanphamnam ORDER BY Idsanphamnam DESC limit 4] 
25.07.2020 08:33:57 sql=[SELECT * FROM sanphamnam where Idsanphamnam = '2'] 
25.07.2020 08:33:57 sql=[SELECT * FROM sanphamnam ORDER BY Idsanphamnam DESC limit 4] 
25.07.2020 08:34:05 sql=[SELECT * FROM sanphamnam where Idsanphamnam = '2'] 
25.07.2020 08:34:05 sql=[SELECT * FROM sanphamnam ORDER BY Idsanphamnam DESC limit 4] 
25.07.2020 08:35:59 sql=[SELECT * FROM sanphamnam where Idsanphamnam = '2'] 
25.07.2020 08:35:59 sql=[SELECT * FROM sanphamnam ORDER BY Idsanphamnam DESC limit 4] 
25.07.2020 08:37:13 sql=[SELECT * FROM sanphamnam where Idsanphamnam = '2'] 
25.07.2020 08:37:13 sql=[SELECT * FROM sanphamnam ORDER BY Idsanphamnam DESC limit 4] 
25.07.2020 08:37:17 sql=[SELECT * FROM sanphamnam where Idsanphamnam = '2'] 
25.07.2020 08:37:17 sql=[SELECT * FROM sanphamnam ORDER BY Idsanphamnam DESC limit 4] 
25.07.2020 08:41:03 sql=[SELECT * From sanphamnam where Idsanphamnam > 0 
ORDER BY Idsanphamnam desc limit 3] 
25.07.2020 08:41:03 sql=[SELECT * FROM sanphamkids where Idsanphamkids > 0
ORDER BY Idsanphamkid desc limit 3] 
25.07.2020 08:41:03 Khong the select duoc,ERROR=[Unknown column 'Idsanphamkids' in 'where clause'] 
25.07.2020 08:41:03 COUNT=[0] 
25.07.2020 08:41:08 sql=[SELECT * FROM sanphamnam where sale = 'ok'] 
25.07.2020 08:44:03 sql=[SELECT * From sanphamnam where Idsanphamnam > 0 
ORDER BY Idsanphamnam desc limit 3] 
25.07.2020 08:44:03 sql=[SELECT * FROM sanphamkids where Idsanphamkids > 0
ORDER BY Idsanphamkid desc limit 3] 
25.07.2020 08:44:03 Khong the select duoc,ERROR=[Unknown column 'Idsanphamkids' in 'where clause'] 
25.07.2020 08:44:03 COUNT=[0] 
25.07.2020 08:44:13 sql=[SELECT * FROM sanphamnam where Idsanphamnam = '1'] 
25.07.2020 08:44:13 sql=[SELECT * FROM sanphamnam ORDER BY Idsanphamnam DESC limit 4] 
25.07.2020 08:44:43 sql=[SELECT * From sanphamnam where Idsanphamnam > 0 
ORDER BY Idsanphamnam desc limit 3] 
25.07.2020 08:44:43 sql=[SELECT * FROM sanphamkids where Idsanphamkids > 0
ORDER BY Idsanphamkid desc limit 3] 
25.07.2020 08:44:43 Khong the select duoc,ERROR=[Unknown column 'Idsanphamkids' in 'where clause'] 
25.07.2020 08:44:43 COUNT=[0] 
25.07.2020 08:44:44 sql=[SELECT * FROM sanphamnam where sale = 'ok'] 
25.07.2020 08:45:00 sql=[SELECT * FROM sanphamnam where sale = 'ok'] 
25.07.2020 08:45:02 sql=[SELECT * FROM sanphamnam where Idsanphamnam = '2'] 
25.07.2020 08:45:02 sql=[SELECT * FROM sanphamnam ORDER BY Idsanphamnam DESC limit 4] 
25.07.2020 08:45:13 sql=[SELECT * FROM sanphamnam where Idsanphamnam = '32'] 
25.07.2020 08:45:13 sql=[SELECT * FROM sanphamnam ORDER BY Idsanphamnam DESC limit 4] 
27.07.2020 04:25:58 sql=[SELECT * From sanphamnam where Idsanphamnam > 0 
ORDER BY Idsanphamnam desc limit 3] 
27.07.2020 04:25:58 sql=[SELECT * FROM sanphamkids where Idsanphamkids > 0
ORDER BY Idsanphamkid desc limit 3] 
27.07.2020 04:25:58 Khong the select duoc,ERROR=[Unknown column 'Idsanphamkids' in 'where clause'] 
27.07.2020 04:25:58 COUNT=[0] 
27.07.2020 04:26:02 sql=[SELECT * FROM sanphamnam , mausacnam Where mausacnam.Mausacsanpham = 'do'
    and sanphamnam.Idsanphamnam = mausacnam.Idsanphamnam] 
27.07.2020 04:26:06 sql=[SELECT * FROM sanphamnam where Idsanphamnam = '1'] 
27.07.2020 04:26:06 sql=[SELECT * FROM sanphamnam ORDER BY Idsanphamnam DESC limit 4] 
27.07.2020 04:29:45 sql=[SELECT * From sanphamnam where Idsanphamnam > 0 
ORDER BY Idsanphamnam desc limit 3] 
27.07.2020 04:29:45 sql=[SELECT * FROM sanphamkids where Idsanphamkids > 0
ORDER BY Idsanphamkid desc limit 3] 
27.07.2020 04:29:45 Khong the select duoc,ERROR=[Unknown column 'Idsanphamkids' in 'where clause'] 
27.07.2020 04:29:45 COUNT=[0] 
27.07.2020 04:30:12 sql=[SELECT * FROM sanphamkids where Idsanphamkid = '3'] 
27.07.2020 04:30:12 sql=[SELECT * FROM sanphamkids ORDER BY Idsanphamkid DESC limit 4] 
27.07.2020 04:30:19 sql=[SELECT * FROM sanphamkids where Idsanphamkid = '1'] 
27.07.2020 04:30:19 sql=[SELECT * FROM sanphamkids ORDER BY Idsanphamkid DESC limit 4] 
27.07.2020 04:31:39 sql=[SELECT * FROM sanphamkids where Idsanphamkid = '1'] 
27.07.2020 04:31:39 sql=[SELECT * FROM sanphamkids ORDER BY Idsanphamkid DESC limit 4] 
27.07.2020 04:48:03 sql=[SELECT * From sanphamnam where Idsanphamnam > 0 
ORDER BY Idsanphamnam desc limit 3] 
27.07.2020 04:48:03 sql=[SELECT * FROM sanphamkids where Idsanphamkids > 0
ORDER BY Idsanphamkid desc limit 3] 
27.07.2020 04:48:03 Khong the select duoc,ERROR=[Unknown column 'Idsanphamkids' in 'where clause'] 
27.07.2020 04:48:03 COUNT=[0] 
27.07.2020 04:48:04 sql=[SELECT * FROM sanphamnam where Idsanphamnam = '32'] 
27.07.2020 04:48:04 sql=[SELECT * FROM sanphamnam ORDER BY Idsanphamnam DESC limit 4] 
27.07.2020 04:48:13 sql=[SELECT * FROM sanphamkids where Idsanphamkid = '3'] 
27.07.2020 04:48:13 sql=[SELECT * FROM sanphamkids ORDER BY Idsanphamkid DESC limit 4] 
27.07.2020 04:48:52 sql=[SELECT * FROM sanphamkids where Idsanphamkid = '3'] 
27.07.2020 04:48:52 sql=[SELECT * FROM sanphamkids ORDER BY Idsanphamkid DESC limit 4] 
27.07.2020 04:48:59 <!-- sql=[insert into donhang (Tensanpham,Soluong,Tennguoimua,Sodt,Diachi) values (n'O N B TRAI ANT393004',n'2',n'Duy',n'0368817989',n'ND')] --> 
27.07.2020 04:48:59 sql=[SELECT * FROM sanphamnam ORDER BY Idsanphamnam DESC limit 4] 
28.07.2020 07:56:50 sql=[SELECT * From sanphamnam where Idsanphamnam > 0 
ORDER BY Idsanphamnam desc limit 3] 
28.07.2020 07:56:50 sql=[SELECT * FROM sanphamkids where Idsanphamkids > 0
ORDER BY Idsanphamkid desc limit 3] 
28.07.2020 07:56:50 Khong the select duoc,ERROR=[Unknown column 'Idsanphamkids' in 'where clause'] 
28.07.2020 07:56:50 COUNT=[0] 
28.07.2020 07:56:52 sql=[SELECT * FROM sanphamnam where Idsanphamnam = '32'] 
28.07.2020 07:56:52 sql=[SELECT * FROM sanphamnam ORDER BY Idsanphamnam DESC limit 4] 
28.07.2020 07:58:59 sql=[SELECT * FROM sanphamnam where Idsanphamnam = '32'] 
28.07.2020 07:58:59 sql=[SELECT * FROM sanphamnam ORDER BY Idsanphamnam DESC limit 4] 
28.07.2020 07:59:01 sql=[SELECT * FROM sanphamnam where Idsanphamnam = '32'] 
28.07.2020 07:59:01 sql=[SELECT * FROM sanphamnam ORDER BY Idsanphamnam DESC limit 4] 
28.07.2020 07:59:50 sql=[SELECT * FROM sanphamnam where Idsanphamnam = '32'] 
28.07.2020 07:59:50 sql=[SELECT * FROM sanphamnam ORDER BY Idsanphamnam DESC limit 4] 
28.07.2020 08:04:53 sql=[SELECT * FROM sanphamnam where Idsanphamnam = '32'] 
28.07.2020 08:04:53 sql=[SELECT * FROM sanphamnam ORDER BY Idsanphamnam DESC limit 4] 
28.07.2020 08:05:59 sql=[SELECT * FROM sanphamnam where Idsanphamnam = '32'] 
28.07.2020 08:05:59 sql=[SELECT * FROM sanphamnam ORDER BY Idsanphamnam DESC limit 4] 
28.07.2020 08:06:41 sql=[SELECT * FROM sanphamnam where Idsanphamnam = '32'] 
28.07.2020 08:06:41 sql=[SELECT * FROM sanphamnam ORDER BY Idsanphamnam DESC limit 4] 
28.07.2020 08:06:49 sql=[SELECT * FROM sanphamnam where Idsanphamnam = '32'] 
28.07.2020 08:06:49 sql=[SELECT * FROM sanphamnam ORDER BY Idsanphamnam DESC limit 4] 
28.07.2020 08:07:01 sql=[SELECT * FROM sanphamnam where Idsanphamnam = '32'] 
28.07.2020 08:07:01 sql=[SELECT * FROM sanphamnam ORDER BY Idsanphamnam DESC limit 4] 
28.07.2020 08:07:14 sql=[SELECT * FROM sanphamnam where Idsanphamnam = '32'] 
28.07.2020 08:07:14 sql=[SELECT * FROM sanphamnam ORDER BY Idsanphamnam DESC limit 4] 
28.07.2020 08:07:23 sql=[SELECT * FROM sanphamnam where Idsanphamnam = '32'] 
28.07.2020 08:07:23 sql=[SELECT * FROM sanphamnam ORDER BY Idsanphamnam DESC limit 4] 
28.07.2020 08:07:33 sql=[SELECT * FROM sanphamnam where Idsanphamnam = '32'] 
28.07.2020 08:07:33 sql=[SELECT * FROM sanphamnam ORDER BY Idsanphamnam DESC limit 4] 
28.07.2020 09:45:38 sql=[SELECT * From sanphamnam where Idsanphamnam > 0 
ORDER BY Idsanphamnam desc limit 3] 
28.07.2020 09:45:38 sql=[SELECT * FROM sanphamkids where Idsanphamkids > 0
ORDER BY Idsanphamkid desc limit 3] 
28.07.2020 09:45:38 Khong the select duoc,ERROR=[Unknown column 'Idsanphamkids' in 'where clause'] 
28.07.2020 09:45:38 COUNT=[0] 
28.07.2020 01:22:21 sql=[SELECT * From sanphamnam where Idsanphamnam > 0 
ORDER BY Idsanphamnam desc limit 3] 
28.07.2020 01:22:21 sql=[SELECT * FROM sanphamkids where Idsanphamkids > 0
ORDER BY Idsanphamkid desc limit 3] 
28.07.2020 01:22:21 Khong the select duoc,ERROR=[Unknown column 'Idsanphamkids' in 'where clause'] 
28.07.2020 01:22:21 COUNT=[0] 
28.07.2020 01:22:34 sql=[SELECT * FROM sanphamnam where Idsanphamnam = '40'] 
28.07.2020 01:22:34 sql=[SELECT * FROM sanphamnam ORDER BY Idsanphamnam DESC limit 4] 
28.07.2020 01:23:48 sql=[SELECT * FROM sanphamkids where Idsanphamkid = '3'] 
28.07.2020 01:23:48 sql=[SELECT * FROM sanphamkids ORDER BY Idsanphamkid DESC limit 4] 
28.07.2020 01:23:51 sql=[SELECT * FROM sanphamkids where Idsanphamkid = '3'] 
28.07.2020 01:23:51 sql=[SELECT * FROM sanphamkids ORDER BY Idsanphamkid DESC limit 4] 
28.07.2020 01:25:55 sql=[SELECT * FROM sanphamkids where Idsanphamkid = '3'] 
28.07.2020 01:25:55 sql=[SELECT * FROM sanphamkids ORDER BY Idsanphamkid DESC limit 4] 
28.07.2020 01:25:57 sql=[SELECT * FROM sanphamkids where Idsanphamkid = '4'] 
28.07.2020 01:25:57 sql=[SELECT * FROM sanphamkids ORDER BY Idsanphamkid DESC limit 4] 
28.07.2020 01:26:05 sql=[SELECT * FROM sanphamnam where Idsanphamnam = '40'] 
28.07.2020 01:26:05 sql=[SELECT * FROM sanphamnam ORDER BY Idsanphamnam DESC limit 4] 
28.07.2020 01:26:08 sql=[SELECT * FROM sanphamnam where Idsanphamnam = '40'] 
28.07.2020 01:26:08 sql=[SELECT * FROM sanphamnam ORDER BY Idsanphamnam DESC limit 4] 
28.07.2020 01:26:11 sql=[SELECT * From sanphamnam where Idsanphamnam > 0 
ORDER BY Idsanphamnam desc limit 3] 
28.07.2020 01:26:11 sql=[SELECT * FROM sanphamkids where Idsanphamkids > 0
ORDER BY Idsanphamkid desc limit 3] 
28.07.2020 01:26:11 Khong the select duoc,ERROR=[Unknown column 'Idsanphamkids' in 'where clause'] 
28.07.2020 01:26:11 COUNT=[0] 
28.07.2020 01:26:20 sql=[SELECT * FROM sanphamnam where sale = 'ok'] 
28.07.2020 01:26:21 sql=[SELECT * FROM sanphamnam where Idsanphamnam = '2'] 
28.07.2020 01:26:21 sql=[SELECT * FROM sanphamnam ORDER BY Idsanphamnam DESC limit 4] 
28.07.2020 01:27:00 sql=[SELECT * From sanphamnam where Idsanphamnam > 0 
ORDER BY Idsanphamnam desc limit 3] 
28.07.2020 01:27:00 sql=[SELECT * FROM sanphamkids where Idsanphamkids > 0
ORDER BY Idsanphamkid desc limit 3] 
28.07.2020 01:27:00 Khong the select duoc,ERROR=[Unknown column 'Idsanphamkids' in 'where clause'] 
28.07.2020 01:27:00 COUNT=[0] 
28.07.2020 01:27:00 sql=[SELECT * FROM sanphamnam where Idsanphamnam = '40'] 
28.07.2020 01:27:00 sql=[SELECT * FROM sanphamnam ORDER BY Idsanphamnam DESC limit 4] 
28.07.2020 01:27:35 sql=[SELECT * From sanphamnam where Idsanphamnam > 0 
ORDER BY Idsanphamnam desc limit 3] 
28.07.2020 01:27:35 sql=[SELECT * FROM sanphamkids where Idsanphamkids > 0
ORDER BY Idsanphamkid desc limit 3] 
28.07.2020 01:27:35 Khong the select duoc,ERROR=[Unknown column 'Idsanphamkids' in 'where clause'] 
28.07.2020 01:27:35 COUNT=[0] 
28.07.2020 01:27:37 sql=[SELECT * FROM sanphamnam where Idsanphamnam = '40'] 
28.07.2020 01:27:37 sql=[SELECT * FROM sanphamnam ORDER BY Idsanphamnam DESC limit 4] 
28.07.2020 01:27:40 sql=[SELECT * From sanphamnam where Idsanphamnam > 0 
ORDER BY Idsanphamnam desc limit 3] 
28.07.2020 01:27:40 sql=[SELECT * FROM sanphamkids where Idsanphamkids > 0
ORDER BY Idsanphamkid desc limit 3] 
28.07.2020 01:27:40 Khong the select duoc,ERROR=[Unknown column 'Idsanphamkids' in 'where clause'] 
28.07.2020 01:27:40 COUNT=[0] 
28.07.2020 01:27:42 sql=[SELECT * FROM sanphamnam where Idsanphamnam = '32'] 
28.07.2020 01:27:42 sql=[SELECT * FROM sanphamnam ORDER BY Idsanphamnam DESC limit 4] 
28.07.2020 01:27:47 sql=[SELECT * FROM sanphamnam where Idsanphamnam = '3'] 
28.07.2020 01:27:47 sql=[SELECT * FROM sanphamnam ORDER BY Idsanphamnam DESC limit 4] 
28.07.2020 02:28:23 sql=[SELECT * From sanphamnam where Idsanphamnam > 0 
ORDER BY Idsanphamnam desc limit 3] 
28.07.2020 02:28:23 sql=[SELECT * FROM sanphamkids where Idsanphamkids > 0
ORDER BY Idsanphamkid desc limit 3] 
28.07.2020 02:28:23 Khong the select duoc,ERROR=[Unknown column 'Idsanphamkids' in 'where clause'] 
28.07.2020 02:28:23 COUNT=[0] 
